huffman_coding 1024 23
I         12         0
I          8         1
I          5         2
I          2         3
I          2         4
I          5         5
I         12         6
I          7         7
I          8         8
I          4         9
I         11        10
I          7        11
I         10        12
I          3        13
I         11        14
I          4        15
I          1        16
I          9        17
I          7        18
I          7        19
I          1        20
I          6        21
I          7        22
I          1        23
I          3        24
I          1        25
I          4        26
I          1        27
I          7        28
I          3        29
I          3        30
I          6        31
I          8        32
I         12        33
I         10        34
I          5        35
I         12        36
I         11        37
I          8        38
I          8        39
I         11        40
I          4        41
I          6        42
I          6        43
I          7        44
I          5        45
I          7        46
I         12        47
I          9        48
I          6        49
I          1        50
I          5        51
I         12        52
I          2        53
I         10        54
I          5        55
I         11        56
I          6        57
I         10        58
I          9        59
I          8        60
I          2        61
I         11        62
I          1        63
I          6        64
I          4        65
I          8        66
I         11        67
I         11        68
I          7        69
I          5        70
I          1        71
I          3        72
I          6        73
I         12        74
I          2        75
I          9        76
I         12        77
I          3        78
I          5        79
I          1        80
I         12        81
I         12        82
I          5        83
I          4        84
I          5        85
I          1        86
I          7        87
I          9        88
I          7        89
I          2        90
I         10        91
I         10        92
I          6        93
I          7        94
I          6        95
I         10        96
I          6        97
I          8        98
I          5        99
I          1       100
I          7       101
I         10       102
I          9       103
I          1       104
I         12       105
I          2       106
I          7       107
I          3       108
I          1       109
I          1       110
I          1       111
I          3       112
I          3       113
I          7       114
I         11       115
I          3       116
I          9       117
I         10       118
I          2       119
I          6       120
I          1       121
I          7       122
I          5       123
I          8       124
I          7       125
I          3       126
I         12       127
I          8       128
I          7       129
I          8       130
I          9       131
I          6       132
I         11       133
I          8       134
I          4       135
I         11       136
I          7       137
I          4       138
I          2       139
I          8       140
I         10       141
I          6       142
I          2       143
I          1       144
I          6       145
I          2       146
I          2       147
I          7       148
I         12       149
I          5       150
I         12       151
I          1       152
I          4       153
I          4       154
I          8       155
I         11       156
I          3       157
I          1       158
I          4       159
I          8       160
I          5       161
I          9       162
I          2       163
I          9       164
I          2       165
I          7       166
I         10       167
I          5       168
I         11       169
I          2       170
I          4       171
I         10       172
I          3       173
I         11       174
I          2       175
I          5       176
I          1       177
I         10       178
I          7       179
I         10       180
I          1       181
I          9       182
I          5       183
I          8       184
I          3       185
I          5       186
I          2       187
I          2       188
I         10       189
I          4       190
I          7       191
I          5       192
I          7       193
I          3       194
I          1       195
I          3       196
I          9       197
I          4       198
I          4       199
I          6       200
I          9       201
I          5       202
I         10       203
I          6       204
I          7       205
I          2       206
I          1       207
I          5       208
I          9       209
I          5       210
I          5       211
I          6       212
I          5       213
I          9       214
I         11       215
I          6       216
I          1       217
I          4       218
I         11       219
I          4       220
I         10       221
I          9       222
I          2       223
I          4       224
I          7       225
I          8       226
I          8       227
I         10       228
I         10       229
I          9       230
I          1       231
I          9       232
I          5       233
I         11       234
I          2       235
I          8       236
I         11       237
I          8       238
I          2       239
I          1       240
I         10       241
I         10       242
I          6       243
I          1       244
I         11       245
I          1       246
I          5       247
I          4       248
I          1       249
I          9       250
I         10       251
I          4       252
I          6       253
I          1       254
I          9       255
I          6       256
I          8       257
I         11       258
I          8       259
I          2       260
I          8       261
I          6       262
I          9       263
I          5       264
I          4       265
I          5       266
I          9       267
I          1       268
I          4       269
I          9       270
I          7       271
I          7       272
I          8       273
I          4       274
I          8       275
I          7       276
I          5       277
I          4       278
I         10       279
I          4       280
I          1       281
I         10       282
I          3       283
I         11       284
I          5       285
I          1       286
I          1       287
I          5       288
I          4       289
I          2       290
I          2       291
I          1       292
I          2       293
I         12       294
I          5       295
I          9       296
I          6       297
I          6       298
I          7       299
I          5       300
I         12       301
I          1       302
I         11       303
I          7       304
I          2       305
I         11       306
I          5       307
I          6       308
I          6       309
I         10       310
I          4       311
I         11       312
I          2       313
I          5       314
I          5       315
I          8       316
I         12       317
I         11       318
I          9       319
I          8       320
I          1       321
I          1       322
I          2       323
I          5       324
I         11       325
I          4       326
I          1       327
I          9       328
I          9       329
I         12       330
I          2       331
I          1       332
I          2       333
I          4       334
I         12       335
I         12       336
I         10       337
I         10       338
I          1       339
I         12       340
I          2       341
I          4       342
I          2       343
I          8       344
I          3       345
I          5       346
I          5       347
I          9       348
I          3       349
I         12       350
I         11       351
I          6       352
I          2       353
I         12       354
I          4       355
I          3       356
I          7       357
I          2       358
I         12       359
I         10       360
I         11       361
I          3       362
I         11       363
I         12       364
I          5       365
I          8       366
I         10       367
I          2       368
I          3       369
I          8       370
I          6       371
I         10       372
I         10       373
I          1       374
I          3       375
I          5       376
I          9       377
I          5       378
I         10       379
I          3       380
I          7       381
I         12       382
I          5       383
I          3       384
I          2       385
I          4       386
I          7       387
I          1       388
I          6       389
I         11       390
I          8       391
I          7       392
I         11       393
I         10       394
I          7       395
I          9       396
I          8       397
I          1       398
I         12       399
I          1       400
I          3       401
I          4       402
I         12       403
I          8       404
I          3       405
I          3       406
I          7       407
I          2       408
I          8       409
I         10       410
I         10       411
I          3       412
I          5       413
I          8       414
I          1       415
I         12       416
I         11       417
I          1       418
I          2       419
I         10       420
I         11       421
I          2       422
I          7       423
I          7       424
I          2       425
I          1       426
I          8       427
I          5       428
I          2       429
I          4       430
I          3       431
I          2       432
I          7       433
I          2       434
I          9       435
I         10       436
I         10       437
I          1       438
I          5       439
I         12       440
I          6       441
I          4       442
I          8       443
I          1       444
I          4       445
I         11       446
I          1       447
I          1       448
I         12       449
I          6       450
I         10       451
I          8       452
I          6       453
I          3       454
I         12       455
I         12       456
I         10       457
I         11       458
I          5       459
I          8       460
I         12       461
I          3       462
I          4       463
I          9       464
I          7       465
I          5       466
I          9       467
I         10       468
I         12       469
I          9       470
I         11       471
I          2       472
I          9       473
I          8       474
I         11       475
I          8       476
I          9       477
I         12       478
I          5       479
I          5       480
I          3       481
I          5       482
I          8       483
I          7       484
I          5       485
I          2       486
I          9       487
I          4       488
I          6       489
I         10       490
I          9       491
I          9       492
I          9       493
I          4       494
I         10       495
I         10       496
I          1       497
I         12       498
I          5       499
I          9       500
I          6       501
I          2       502
I          8       503
I          3       504
I          6       505
I          3       506
I         12       507
I          1       508
I         12       509
I         11       510
I          8       511
I          2       512
I          9       513
I          8       514
I          3       515
I          2       516
I          1       517
I          4       518
I          3       519
I          5       520
I          2       521
I          3       522
I          2       523
I          7       524
I          2       525
I          5       526
I          1       527
I         10       528
I          5       529
I          2       530
I          3       531
I          9       532
I         11       533
I          9       534
I          5       535
I         11       536
I         10       537
I          3       538
I         10       539
I          2       540
I          2       541
I          7       542
I          9       543
I         11       544
I          5       545
I          2       546
I          6       547
I         11       548
I         10       549
I         10       550
I          8       551
I         10       552
I         11       553
I         12       554
I          7       555
I         10       556
I         12       557
I         12       558
I          8       559
I          4       560
I          8       561
I          1       562
I         10       563
I          8       564
I         10       565
I          6       566
I         11       567
I          6       568
I          3       569
I          5       570
I          1       571
I          7       572
I         12       573
I          4       574
I          6       575
I          2       576
I          3       577
I          8       578
I          5       579
I          5       580
I          5       581
I          1       582
I          9       583
I          4       584
I          9       585
I          3       586
I          8       587
I         11       588
I          5       589
I          5       590
I          8       591
I          2       592
I          1       593
I         10       594
I          3       595
I         10       596
I         11       597
I          7       598
I          5       599
I          6       600
I         11       601
I          2       602
I          1       603
I          7       604
I          5       605
I          9       606
I          7       607
I          8       608
I          6       609
I         12       610
I          1       611
I          8       612
I          1       613
I         10       614
I         10       615
I          4       616
I         10       617
I          8       618
I          9       619
I          5       620
I          2       621
I          4       622
I          5       623
I         10       624
I          2       625
I          1       626
I          5       627
I          3       628
I         12       629
I          6       630
I          8       631
I          1       632
I          7       633
I          8       634
I          9       635
I          5       636
I          2       637
I          2       638
I         11       639
I          9       640
I         10       641
I          7       642
I          8       643
I         11       644
I          1       645
I         10       646
I         11       647
I          2       648
I         11       649
I          3       650
I          2       651
I          4       652
I         12       653
I         10       654
I          1       655
I          3       656
I          2       657
I          5       658
I          3       659
I          8       660
I          6       661
I          2       662
I         11       663
I          1       664
I          9       665
I          5       666
I         12       667
I          8       668
I          4       669
I         10       670
I         12       671
I          1       672
I          3       673
I          4       674
I         11       675
I          9       676
I          1       677
I          5       678
I          2       679
I          2       680
I          6       681
I          9       682
I         10       683
I          5       684
I          3       685
I          2       686
I          4       687
I          8       688
I         11       689
I          6       690
I          6       691
I          9       692
I          7       693
I          1       694
I          6       695
I         10       696
I          6       697
I          1       698
I         12       699
I          5       700
I          2       701
I         10       702
I         12       703
I          1       704
I          6       705
I          8       706
I         10       707
I          6       708
I          2       709
I          9       710
I          4       711
I          3       712
I          2       713
I          8       714
I          3       715
I          6       716
I          3       717
I         12       718
I          4       719
I          5       720
I          5       721
I          9       722
I         12       723
I          8       724
I          8       725
I          7       726
I          4       727
I          9       728
I         12       729
I          7       730
I          5       731
I          6       732
I         12       733
I          3       734
I          7       735
I          1       736
I          1       737
I          9       738
I          5       739
I         11       740
I         11       741
I          1       742
I          6       743
I          9       744
I          1       745
I          8       746
I          9       747
I         12       748
I          2       749
I          4       750
I         11       751
I          6       752
I          9       753
I          1       754
I          8       755
I          2       756
I          9       757
I          9       758
I          5       759
I         11       760
I         10       761
I         12       762
I         11       763
I          5       764
I         12       765
I          1       766
I          1       767
I          2       768
I         10       769
I          4       770
I          9       771
I         10       772
I          2       773
I          6       774
I          9       775
I          3       776
I          7       777
I         10       778
I         12       779
I          5       780
I          5       781
I          9       782
I          3       783
I          2       784
I          5       785
I         10       786
I          2       787
I          1       788
I          3       789
I          2       790
I          2       791
I          6       792
I          6       793
I          4       794
I          6       795
I          4       796
I          5       797
I          8       798
I          7       799
I          6       800
I          3       801
I          8       802
I         12       803
I          2       804
I         12       805
I          5       806
I          7       807
I          6       808
I          7       809
I         11       810
I          7       811
I          8       812
I         12       813
I         12       814
I          5       815
I          4       816
I          6       817
I         11       818
I          2       819
I          3       820
I          3       821
I          9       822
I          3       823
I          6       824
I          9       825
I         10       826
I          3       827
I          9       828
I          6       829
I          1       830
I          4       831
I          9       832
I          3       833
I          7       834
I         11       835
I          7       836
I          2       837
I          9       838
I         10       839
I          5       840
I         10       841
I          4       842
I          5       843
I         10       844
I          4       845
I          4       846
I         11       847
I         12       848
I          7       849
I         10       850
I         10       851
I          4       852
I          9       853
I         10       854
I          6       855
I          6       856
I          2       857
I          2       858
I          7       859
I          7       860
I          9       861
I         11       862
I         12       863
I          7       864
I          9       865
I         12       866
I          7       867
I          4       868
I         10       869
I          4       870
I          8       871
I          4       872
I          3       873
I         10       874
I          2       875
I         11       876
I          1       877
I          9       878
I         10       879
I          7       880
I          1       881
I          2       882
I          3       883
I          4       884
I          9       885
I         12       886
I          9       887
I          4       888
I          8       889
I         10       890
I          6       891
I          6       892
I          6       893
I          2       894
I          2       895
I         10       896
I          8       897
I          4       898
I          5       899
I          6       900
I          2       901
I         11       902
I          7       903
I          2       904
I          3       905
I         11       906
I          9       907
I          7       908
I          2       909
I          3       910
I          7       911
I          3       912
I         11       913
I          2       914
I          4       915
I          9       916
I          4       917
I          1       918
I         12       919
I          6       920
I          7       921
I          4       922
I         11       923
I         10       924
I          7       925
I          9       926
I         12       927
I          5       928
I          7       929
I          3       930
I          3       931
I          7       932
I          1       933
I         11       934
I          6       935
I          6       936
I         12       937
I          5       938
I          6       939
I          8       940
I          1       941
I          2       942
I          3       943
I          5       944
I          8       945
I          6       946
I          9       947
I          1       948
I         12       949
I          5       950
I          7       951
I          8       952
I          7       953
I          9       954
I          5       955
I          9       956
I          4       957
I          3       958
I         10       959
I          2       960
I          2       961
I          9       962
I          2       963
I          7       964
I          2       965
I          4       966
I          9       967
I         12       968
I          2       969
I          6       970
I          7       971
I         10       972
I          8       973
I         10       974
I         11       975
I          3       976
I          6       977
I          3       978
I          2       979
I         11       980
I         11       981
I          6       982
I          7       983
I          2       984
I          9       985
I          7       986
I          2       987
I          7       988
I          2       989
I          7       990
I         11       991
I         11       992
I          7       993
I         12       994
I          5       995
I          5       996
I          3       997
I          3       998
I         11       999
I          5      1000
I          5      1001
I          2      1002
I          6      1003
I          3      1004
I         10      1005
I          4      1006
I         10      1007
I          3      1008
I         10      1009
I          2      1010
I         12      1011
I          3      1012
I          4      1013
I          6      1014
I          9      1015
I          2      1016
I          4      1017
I          7      1018
I          4      1019
I          3      1020
I         10      1021
I          9      1022
I          2      1023
E
E
I          5      1024
E
E
I          5      1025
E
E
I          5      1026
E
E
I         10      1027
E
E
I          2      1028
E
E
I          2      1029
E
E
I          1      1030
E
E
I          1      1031
E
E
I          7      1032
E
E
I          9      1033
E
E
I          7      1034
E
E
I         11      1035
E
E
I          5      1036
E
E
I          3      1037
E
E
I          7      1038
E
E
I          7      1039
E
E
I         12      1040
E
E
I          8      1041
E
E
I          4      1042
E
E
I          7      1043
E
E
I          6      1044
E
E
I          9      1045
E
E
I          6      1046
E
E
I         11      1047
E
E
I         12      1048
E
E
I          6      1049
E
E
I          8      1050
E
E
I          9      1051
E
E
I         11      1052
E
E
I          3      1053
E
E
I          2      1054
E
E
I          7      1055
E
E
I         12      1056
E
E
I         11      1057
E
E
I          1      1058
E
E
I          1      1059
E
E
I          4      1060
E
E
I         12      1061
E
E
I         10      1062
E
E
I          1      1063
E
E
I         12      1064
E
E
I         11      1065
E
E
I          8      1066
E
E
I         12      1067
E
E
I          1      1068
E
E
I         12      1069
E
E
I          7      1070
E
E
I         12      1071
E
E
I          2      1072
E
E
I          6      1073
E
E
I          1      1074
E
E
I         12      1075
E
E
I          2      1076
E
E
I         12      1077
E
E
I          4      1078
E
E
I         10      1079
E
E
I          3      1080
E
E
I          8      1081
E
E
I          2      1082
E
E
I          7      1083
E
E
I         12      1084
E
E
I          5      1085
E
E
I          2      1086
E
E
I         11      1087
E
E
I          2      1088
E
E
I         12      1089
E
E
I          3      1090
E
E
I          2      1091
E
E
I          9      1092
E
E
I          7      1093
E
E
I         11      1094
E
E
I          5      1095
E
E
I         10      1096
E
E
I          7      1097
E
E
I          6      1098
E
E
I          2      1099
E
E
I          7      1100
E
E
I          1      1101
E
E
I          7      1102
E
E
I         10      1103
E
E
I         11      1104
E
E
I          4      1105
E
E
I          9      1106
E
E
I          8      1107
E
E
I         11      1108
E
E
I          4      1109
E
E
I         10      1110
E
E
I          2      1111
E
E
I          8      1112
E
E
I          5      1113
E
E
I          5      1114
E
E
I          8      1115
E
E
I          3      1116
E
E
I          9      1117
E
E
I          1      1118
E
E
I          8      1119
E
E
I          9      1120
E
E
I          4      1121
E
E
I          3      1122
E
E
I          8      1123
E
E
I          8      1124
E
E
I         11      1125
E
E
I          3      1126
E
E
I         11      1127
E
E
I          8      1128
E
E
I          3      1129
E
E
I         12      1130
E
E
I          6      1131
E
E
I          8      1132
E
E
I          7      1133
E
E
I         11      1134
E
E
I          1      1135
E
E
I          9      1136
E
E
I          7      1137
E
E
I         12      1138
E
E
I         10      1139
E
E
I         11      1140
E
E
I          6      1141
E
E
I          9      1142
E
E
I          6      1143
E
E
I          7      1144
E
E
I          9      1145
E
E
I          9      1146
E
E
I         10      1147
E
E
I          7      1148
E
E
I          9      1149
E
E
I          5      1150
E
E
I          4      1151
E
E
I          3      1152
E
E
I          1      1153
E
E
I          6      1154
E
E
I          9      1155
E
E
I          6      1156
E
E
I          5      1157
E
E
I         11      1158
E
E
I          2      1159
E
E
I         12      1160
E
E
I          6      1161
E
E
I          4      1162
E
E
I         11      1163
E
E
I          5      1164
E
E
I          2      1165
E
E
I          6      1166
E
E
I          3      1167
E
E
I          9      1168
E
E
I         11      1169
E
E
I          7      1170
E
E
I          1      1171
E
E
I         10      1172
E
E
I          6      1173
E
E
I          4      1174
E
E
I          1      1175
E
E
I          7      1176
E
E
I          2      1177
E
E
I         11      1178
E
E
I          6      1179
E
E
I          7      1180
E
E
I         10      1181
E
E
I          6      1182
E
E
I          7      1183
E
E
I          2      1184
E
E
I          6      1185
E
E
I          5      1186
E
E
I         11      1187
E
E
I          5      1188
E
E
I         11      1189
E
E
I          1      1190
E
E
I          5      1191
E
E
I          6      1192
E
E
I          1      1193
E
E
I         11      1194
E
E
I          7      1195
E
E
I         12      1196
E
E
I          7      1197
E
E
I          8      1198
E
E
I          9      1199
E
E
I          2      1200
E
E
I          7      1201
E
E
I          9      1202
E
E
I          4      1203
E
E
I          2      1204
E
E
I          4      1205
E
E
I          9      1206
E
E
I          2      1207
E
E
I          8      1208
E
E
I         12      1209
E
E
I          4      1210
E
E
I          7      1211
E
E
I         10      1212
E
E
I          7      1213
E
E
I          4      1214
E
E
I          7      1215
E
E
I          2      1216
E
E
I          2      1217
E
E
I          7      1218
E
E
I         10      1219
E
E
I          8      1220
E
E
I          1      1221
E
E
I         12      1222
E
E
I          8      1223
E
E
I          9      1224
E
E
I          6      1225
E
E
I          7      1226
E
E
I          7      1227
E
E
I          5      1228
E
E
I          9      1229
E
E
I         12      1230
E
E
I          1      1231
E
E
I         10      1232
E
E
I          3      1233
E
E
I          7      1234
E
E
I          6      1235
E
E
I          1      1236
E
E
I          3      1237
E
E
I          1      1238
E
E
I         11      1239
E
E
I          5      1240
E
E
I          3      1241
E
E
I          4      1242
E
E
I         12      1243
E
E
I         12      1244
E
E
I         10      1245
E
E
I         11      1246
E
E
I          7      1247
E
E
I          1      1248
E
E
I          5      1249
E
E
I          4      1250
E
E
I         11      1251
E
E
I          4      1252
E
E
I          1      1253
E
E
I          6      1254
E
E
I         11      1255
E
E
I          2      1256
E
E
I          5      1257
E
E
I          1      1258
E
E
I          7      1259
E
E
I          8      1260
E
E
I          4      1261
E
E
I         12      1262
E
E
I          9      1263
E
E
I          4      1264
E
E
I          2      1265
E
E
I          5      1266
E
E
I         10      1267
E
E
I          7      1268
E
E
I          5      1269
E
E
I         10      1270
E
E
I         10      1271
E
E
I         10      1272
E
E
I         11      1273
E
E
I         10      1274
E
E
I          4      1275
E
E
I         10      1276
E
E
I          4      1277
E
E
I          6      1278
E
E
I          8      1279
E
E
I          8      1280
E
E
I          5      1281
E
E
I          5      1282
E
E
I          8      1283
E
E
I          7      1284
E
E
I          3      1285
E
E
I          8      1286
E
E
I          3      1287
E
E
I          3      1288
E
E
I          7      1289
E
E
I         12      1290
E
E
I          2      1291
E
E
I          8      1292
E
E
I          5      1293
E
E
I          8      1294
E
E
I          3      1295
E
E
I         12      1296
E
E
I          4      1297
E
E
I          9      1298
E
E
I          8      1299
E
E
I         11      1300
E
E
I         10      1301
E
E
I         11      1302
E
E
I          6      1303
E
E
I          4      1304
E
E
I         10      1305
E
E
I         11      1306
E
E
I          9      1307
E
E
I          6      1308
E
E
I          3      1309
E
E
I         12      1310
E
E
I         10      1311
E
E
I          5      1312
E
E
I         11      1313
E
E
I          9      1314
E
E
I          4      1315
E
E
I         10      1316
E
E
I          7      1317
E
E
I         11      1318
E
E
I         10      1319
E
E
I         10      1320
E
E
I          8      1321
E
E
I          8      1322
E
E
I          6      1323
E
E
I          3      1324
E
E
I          1      1325
E
E
I          9      1326
E
E
I         12      1327
E
E
I         12      1328
E
E
I          1      1329
E
E
I          9      1330
E
E
I         12      1331
E
E
I          9      1332
E
E
I         10      1333
E
E
I         10      1334
E
E
I          6      1335
E
E
I          4      1336
E
E
I          2      1337
E
E
I         11      1338
E
E
I         11      1339
E
E
I          3      1340
E
E
I          6      1341
E
E
I          5      1342
E
E
I          5      1343
E
E
I          6      1344
E
E
I          9      1345
E
E
I          1      1346
E
E
I          1      1347
E
E
I          4      1348
E
E
I          2      1349
E
E
I          3      1350
E
E
I          8      1351
E
E
I          9      1352
E
E
I          7      1353
E
E
I          6      1354
E
E
I          9      1355
E
E
I          3      1356
E
E
I          5      1357
E
E
I          8      1358
E
E
I          4      1359
E
E
I          6      1360
E
E
I          4      1361
E
E
I          2      1362
E
E
I          6      1363
E
E
I          1      1364
E
E
I          7      1365
E
E
I          7      1366
E
E
I         10      1367
E
E
I          9      1368
E
E
I          3      1369
E
E
I          4      1370
E
E
I         12      1371
E
E
I          5      1372
E
E
I         10      1373
E
E
I          4      1374
E
E
I          5      1375
E
E
I          5      1376
E
E
I          5      1377
E
E
I          8      1378
E
E
I          7      1379
E
E
I         12      1380
E
E
I          6      1381
E
E
I          7      1382
E
E
I         11      1383
E
E
I          7      1384
E
E
I          5      1385
E
E
I          8      1386
E
E
I          8      1387
E
E
I          4      1388
E
E
I          1      1389
E
E
I          5      1390
E
E
I          2      1391
E
E
I         10      1392
E
E
I          7      1393
E
E
I          5      1394
E
E
I          4      1395
E
E
I          8      1396
E
E
I          5      1397
E
E
I          1      1398
E
E
I          7      1399
E
E
I          3      1400
E
E
I          8      1401
E
E
I          5      1402
E
E
I          7      1403
E
E
I          6      1404
E
E
I          7      1405
E
E
I          7      1406
E
E
I          5      1407
E
E
I          9      1408
E
E
I         11      1409
E
E
I          8      1410
E
E
I          2      1411
E
E
I          9      1412
E
E
I          5      1413
E
E
I          5      1414
E
E
I          2      1415
E
E
I          5      1416
E
E
I         12      1417
E
E
I         12      1418
E
E
I         11      1419
E
E
I          2      1420
E
E
I          8      1421
E
E
I          2      1422
E
E
I          8      1423
E
E
I          1      1424
E
E
I          1      1425
E
E
I          4      1426
E
E
I          8      1427
E
E
I         12      1428
E
E
I         11      1429
E
E
I          4      1430
E
E
I          8      1431
E
E
I         12      1432
E
E
I          1      1433
E
E
I         11      1434
E
E
I          5      1435
E
E
I          8      1436
E
E
I          1      1437
E
E
I          2      1438
E
E
I          8      1439
E
E
I          6      1440
E
E
I          8      1441
E
E
I          7      1442
E
E
I          4      1443
E
E
I          5      1444
E
E
I         12      1445
E
E
I          6      1446
E
E
I          3      1447
E
E
I          5      1448
E
E
I          7      1449
E
E
I          9      1450
E
E
I          9      1451
E
E
I          3      1452
E
E
I          8      1453
E
E
I          7      1454
E
E
I          7      1455
E
E
I          7      1456
E
E
I         10      1457
E
E
I         12      1458
E
E
I          5      1459
E
E
I          9      1460
E
E
I         12      1461
E
E
I          5      1462
E
E
I          3      1463
E
E
I          2      1464
E
E
I         12      1465
E
E
I          3      1466
E
E
I          2      1467
E
E
I          1      1468
E
E
I         11      1469
E
E
I          2      1470
E
E
I          5      1471
E
E
I         11      1472
E
E
I          1      1473
E
E
I          2      1474
E
E
I         11      1475
E
E
I          4      1476
E
E
I          6      1477
E
E
I          9      1478
E
E
I          9      1479
E
E
I          3      1480
E
E
I          6      1481
E
E
I          5      1482
E
E
I          4      1483
E
E
I         10      1484
E
E
I          2      1485
E
E
I          9      1486
E
E
I         10      1487
E
E
I         12      1488
E
E
I          3      1489
E
E
I          4      1490
E
E
I          1      1491
E
E
I          9      1492
E
E
I          3      1493
E
E
I          2      1494
E
E
I          3      1495
E
E
I          6      1496
E
E
I          7      1497
E
E
I         10      1498
E
E
I         12      1499
E
E
I          2      1500
E
E
I          4      1501
E
E
I          4      1502
E
E
I          7      1503
E
E
I          1      1504
E
E
I         10      1505
E
E
I          3      1506
E
E
I         11      1507
E
E
I          2      1508
E
E
I          7      1509
E
E
I         10      1510
E
E
I          5      1511
E
E
I          6      1512
E
E
I          5      1513
E
E
I          5      1514
E
E
I          8      1515
E
E
I          2      1516
E
E
I          5      1517
E
E
I         10      1518
E
E
I          8      1519
E
E
I          5      1520
E
E
I          8      1521
E
E
I          2      1522
E
E
I         11      1523
E
E
I          4      1524
E
E
I          1      1525
E
E
I          1      1526
E
E
I          3      1527
E
E
I         10      1528
E
E
I         10      1529
E
E
I          7      1530
E
E
I          7      1531
E
E
I         10      1532
E
E
I         11      1533
E
E
I          3      1534
E
E
I          9      1535
E
E
I          5      1536
E
E
I          1      1537
E
E
I         11      1538
E
E
I          2      1539
E
E
I          9      1540
E
E
I          4      1541
E
E
I         12      1542
E
E
I          1      1543
E
E
I          1      1544
E
E
I         12      1545
E
E
I         12      1546
E
E
I         12      1547
E
E
I          3      1548
E
E
I          4      1549
E
E
I          2      1550
E
E
I          7      1551
E
E
I          7      1552
E
E
I         12      1553
E
E
I          1      1554
E
E
I          5      1555
E
E
I         12      1556
E
E
I         11      1557
E
E
I         12      1558
E
E
I         10      1559
E
E
I          9      1560
E
E
I         10      1561
E
E
I         12      1562
E
E
I          7      1563
E
E
I          2      1564
E
E
I          5      1565
E
E
I          2      1566
E
E
I          5      1567
E
E
I          7      1568
E
E
I          1      1569
E
E
I         11      1570
E
E
I          7      1571
E
E
I          1      1572
E
E
I          4      1573
E
E
I         12      1574
E
E
I         12      1575
E
E
I          7      1576
E
E
I         11      1577
E
E
I          9      1578
E
E
I          6      1579
E
E
I          5      1580
E
E
I          9      1581
E
E
I          2      1582
E
E
I         11      1583
E
E
I          3      1584
E
E
I          9      1585
E
E
I         10      1586
E
E
I          6      1587
E
E
I          7      1588
E
E
I          7      1589
E
E
I          2      1590
E
E
I          4      1591
E
E
I          7      1592
E
E
I          8      1593
E
E
I          7      1594
E
E
I          2      1595
E
E
I          2      1596
E
E
I          1      1597
E
E
I          8      1598
E
E
I          4      1599
E
E
I         12      1600
E
E
I          1      1601
E
E
I         12      1602
E
E
I          1      1603
E
E
I          1      1604
E
E
I         12      1605
E
E
I          4      1606
E
E
I          7      1607
E
E
I          6      1608
E
E
I          5      1609
E
E
I          8      1610
E
E
I          7      1611
E
E
I          8      1612
E
E
I          4      1613
E
E
I          2      1614
E
E
I          6      1615
E
E
I          8      1616
E
E
I          3      1617
E
E
I          6      1618
E
E
I          2      1619
E
E
I          5      1620
E
E
I          4      1621
E
E
I          6      1622
E
E
I          5      1623
E
E
I          6      1624
E
E
I         10      1625
E
E
I          9      1626
E
E
I         10      1627
E
E
I          7      1628
E
E
I          7      1629
E
E
I          3      1630
E
E
I          4      1631
E
E
I          3      1632
E
E
I          9      1633
E
E
I          7      1634
E
E
I         12      1635
E
E
I          5      1636
E
E
I          1      1637
E
E
I          7      1638
E
E
I          4      1639
E
E
I         10      1640
E
E
I          3      1641
E
E
I          4      1642
E
E
I          7      1643
E
E
I          3      1644
E
E
I          8      1645
E
E
I          2      1646
E
E
I          5      1647
E
E
I          7      1648
E
E
I          5      1649
E
E
I          6      1650
E
E
I          3      1651
E
E
I          7      1652
E
E
I          6      1653
E
E
I          2      1654
E
E
I          3      1655
E
E
I         12      1656
E
E
I          5      1657
E
E
I         12      1658
E
E
I          9      1659
E
E
I          3      1660
E
E
I          1      1661
E
E
I          2      1662
E
E
I          6      1663
E
E
I          4      1664
E
E
I          2      1665
E
E
I          6      1666
E
E
I          2      1667
E
E
I          2      1668
E
E
I          2      1669
E
E
I          3      1670
E
E
I          8      1671
E
E
I         10      1672
E
E
I          9      1673
E
E
I         11      1674
E
E
I         10      1675
E
E
I         12      1676
E
E
I          5      1677
E
E
I          1      1678
E
E
I          1      1679
E
E
I          5      1680
E
E
I          1      1681
E
E
I          8      1682
E
E
I          7      1683
E
E
I         10      1684
E
E
I          4      1685
E
E
I          3      1686
E
E
I          9      1687
E
E
I          3      1688
E
E
I          7      1689
E
E
I          4      1690
E
E
I          1      1691
E
E
I          8      1692
E
E
I         11      1693
E
E
I          4      1694
E
E
I          2      1695
E
E
I          1      1696
E
E
I          4      1697
E
E
I          1      1698
E
E
I          5      1699
E
E
I          1      1700
E
E
I          6      1701
E
E
I         11      1702
E
E
I          7      1703
E
E
I         12      1704
E
E
I          6      1705
E
E
I         10      1706
E
E
I         11      1707
E
E
I          1      1708
E
E
I         10      1709
E
E
I          8      1710
E
E
I         11      1711
E
E
I         11      1712
E
E
I         11      1713
E
E
I          7      1714
E
E
I          6      1715
E
E
I          2      1716
E
E
I         11      1717
E
E
I          7      1718
E
E
I          9      1719
E
E
I          5      1720
E
E
I          2      1721
E
E
I          9      1722
E
E
I          5      1723
E
E
I          4      1724
E
E
I          4      1725
E
E
I         10      1726
E
E
I         10      1727
E
E
I          2      1728
E
E
I          8      1729
E
E
I          9      1730
E
E
I          6      1731
E
E
I          3      1732
E
E
I          4      1733
E
E
I          7      1734
E
E
I          4      1735
E
E
I         11      1736
E
E
I          1      1737
E
E
I          6      1738
E
E
I          4      1739
E
E
I          8      1740
E
E
I          8      1741
E
E
I         12      1742
E
E
I          5      1743
E
E
I          4      1744
E
E
I          1      1745
E
E
I         10      1746
E
E
I          9      1747
E
E
I          8      1748
E
E
I          2      1749
E
E
I         12      1750
E
E
I          8      1751
E
E
I          2      1752
E
E
I          4      1753
E
E
I          4      1754
E
E
I          1      1755
E
E
I          7      1756
E
E
I          8      1757
E
E
I          6      1758
E
E
I         11      1759
E
E
I          9      1760
E
E
I          5      1761
E
E
I          4      1762
E
E
I         11      1763
E
E
I          8      1764
E
E
I         11      1765
E
E
I          8      1766
E
E
I          5      1767
E
E
I          2      1768
E
E
I          3      1769
E
E
I          3      1770
E
E
I          2      1771
E
E
I          5      1772
E
E
I         12      1773
E
E
I          6      1774
E
E
I          8      1775
E
E
I          9      1776
E
E
I          7      1777
E
E
I          7      1778
E
E
I          3      1779
E
E
I          2      1780
E
E
I          8      1781
E
E
I          1      1782
E
E
I          9      1783
E
E
I          1      1784
E
E
I          9      1785
E
E
I          1      1786
E
E
I         11      1787
E
E
I          5      1788
E
E
I          8      1789
E
E
I          5      1790
E
E
I          3      1791
E
E
I          1      1792
E
E
I          6      1793
E
E
I          3      1794
E
E
I         11      1795
E
E
I         12      1796
E
E
I          1      1797
E
E
I          9      1798
E
E
I          7      1799
E
E
I          7      1800
E
E
I          1      1801
E
E
I          4      1802
E
E
I         11      1803
E
E
I         10      1804
E
E
I          4      1805
E
E
I          2      1806
E
E
I          5      1807
E
E
I          5      1808
E
E
I          3      1809
E
E
I          6      1810
E
E
I         12      1811
E
E
I          4      1812
E
E
I         11      1813
E
E
I          1      1814
E
E
I          9      1815
E
E
I          1      1816
E
E
I          4      1817
E
E
I          2      1818
E
E
I         12      1819
E
E
I          7      1820
E
E
I          2      1821
E
E
I          5      1822
E
E
I          9      1823
E
E
I          1      1824
E
E
I         11      1825
E
E
I          5      1826
E
E
I          4      1827
E
E
I         10      1828
E
E
I          4      1829
E
E
I          1      1830
E
E
I         11      1831
E
E
I          4      1832
E
E
I          2      1833
E
E
I          2      1834
E
E
I          8      1835
E
E
I          7      1836
E
E
I          6      1837
E
E
I          1      1838
E
E
I         12      1839
E
E
I         11      1840
E
E
I          4      1841
E
E
I          7      1842
E
E
I          5      1843
E
E
I         11      1844
E
E
I          2      1845
E
E
I         11      1846
E
E
I         10      1847
E
E
I          4      1848
E
E
I          8      1849
E
E
I          4      1850
E
E
I          8      1851
E
E
I          4      1852
E
E
I         10      1853
E
E
I          5      1854
E
E
I          7      1855
E
E
I          4      1856
E
E
I         11      1857
E
E
I          4      1858
E
E
I          6      1859
E
E
I          9      1860
E
E
I         10      1861
E
E
I          7      1862
E
E
I         11      1863
E
E
I          3      1864
E
E
I          7      1865
E
E
I         12      1866
E
E
I          8      1867
E
E
I          1      1868
E
E
I          1      1869
E
E
I          9      1870
E
E
I          7      1871
E
E
I          4      1872
E
E
I          8      1873
E
E
I          2      1874
E
E
I          2      1875
E
E
I          5      1876
E
E
I         11      1877
E
E
I         10      1878
E
E
I          5      1879
E
E
I          3      1880
E
E
I          7      1881
E
E
I          3      1882
E
E
I          3      1883
E
E
I          2      1884
E
E
I         11      1885
E
E
I          6      1886
E
E
I          7      1887
E
E
I          4      1888
E
E
I          7      1889
E
E
I          6      1890
E
E
I          7      1891
E
E
I         12      1892
E
E
I          4      1893
E
E
I          4      1894
E
E
I          9      1895
E
E
I          8      1896
E
E
I          6      1897
E
E
I         12      1898
E
E
I          3      1899
E
E
I         11      1900
E
E
I          2      1901
E
E
I         10      1902
E
E
I          2      1903
E
E
I          8      1904
E
E
I          8      1905
E
E
I         12      1906
E
E
I          2      1907
E
E
I          9      1908
E
E
I          2      1909
E
E
I          9      1910
E
E
I          8      1911
E
E
I          2      1912
E
E
I         10      1913
E
E
I          6      1914
E
E
I          7      1915
E
E
I         11      1916
E
E
I          2      1917
E
E
I         12      1918
E
E
I          9      1919
E
E
I          7      1920
E
E
I          4      1921
E
E
I          6      1922
E
E
I          8      1923
E
E
I         11      1924
E
E
I          6      1925
E
E
I         10      1926
E
E
I          6      1927
E
E
I          6      1928
E
E
I         10      1929
E
E
I          7      1930
E
E
I         12      1931
E
E
I          9      1932
E
E
I          8      1933
E
E
I          9      1934
E
E
I          5      1935
E
E
I          1      1936
E
E
I         11      1937
E
E
I          6      1938
E
E
I          3      1939
E
E
I          3      1940
E
E
I         10      1941
E
E
I          7      1942
E
E
I          7      1943
E
E
I          6      1944
E
E
I          3      1945
E
E
I         11      1946
E
E
I          6      1947
E
E
I          2      1948
E
E
I          7      1949
E
E
I          9      1950
E
E
I          9      1951
E
E
I          5      1952
E
E
I          5      1953
E
E
I          8      1954
E
E
I          4      1955
E
E
I          9      1956
E
E
I          5      1957
E
E
I         12      1958
E
E
I          2      1959
E
E
I         12      1960
E
E
I         11      1961
E
E
I         12      1962
E
E
I         10      1963
E
E
I          6      1964
E
E
I          7      1965
E
E
I          9      1966
E
E
I          3      1967
E
E
I         11      1968
E
E
I          5      1969
E
E
I          1      1970
E
E
I          4      1971
E
E
I         12      1972
E
E
I         12      1973
E
E
I         10      1974
E
E
I          3      1975
E
E
I          8      1976
E
E
I         10      1977
E
E
I          2      1978
E
E
I         11      1979
E
E
I          4      1980
E
E
I          6      1981
E
E
I         10      1982
E
E
I          6      1983
E
E
I         11      1984
E
E
I          3      1985
E
E
I          4      1986
E
E
I          5      1987
E
E
I          1      1988
E
E
I          5      1989
E
E
I          9      1990
E
E
I          6      1991
E
E
I          6      1992
E
E
I          5      1993
E
E
I          3      1994
E
E
I          3      1995
E
E
I         10      1996
E
E
I          5      1997
E
E
I          6      1998
E
E
I          6      1999
E
E
I         11      2000
E
E
I          8      2001
E
E
I          8      2002
E
E
I          4      2003
E
E
I          5      2004
E
E
I         12      2005
E
E
I          9      2006
E
E
I         11      2007
E
E
I          8      2008
E
E
I          8      2009
E
E
I          4      2010
E
E
I          5      2011
E
E
I         12      2012
E
E
I          3      2013
E
E
I         12      2014
E
E
I          4      2015
E
E
I          9      2016
E
E
I         12      2017
E
E
I          1      2018
E
E
I          8      2019
E
E
I          7      2020
E
E
I          6      2021
E
E
I         11      2022
E
E
I          8      2023
E
E
I          2      2024
E
E
I          2      2025
E
E
I          5      2026
E
E
I          3      2027
E
E
I          9      2028
E
E
I          7      2029
E
E
I          6      2030
E
E
I          6      2031
E
E
I          7      2032
E
E
I          6      2033
E
E
I          2      2034
E
E
I          4      2035
E
E
I          8      2036
E
E
I          6      2037
E
E
I          9      2038
E
E
I          4      2039
E
E
I         12      2040
E
E
I          8      2041
E
E
I          6      2042
E
E
I          5      2043
E
E
I          1      2044
E
E
I          9      2045
E
E
I          2      2046
