batch-then-drain 2048 23
I          3         0
I          4         1
I          6         2
I          9         3
I          2         4
I          4         5
I          7         6
I          4         7
I          3         8
I         10         9
I          9        10
I          2        11
I          5        12
I          5        13
I          5        14
I         10        15
I          2        16
I          2        17
I          1        18
I          1        19
I          7        20
I          9        21
I          7        22
I         11        23
I          5        24
I          3        25
I          7        26
I          7        27
I         12        28
I          8        29
I          4        30
I          7        31
I          6        32
I          9        33
I          6        34
I         11        35
I         12        36
I          6        37
I          8        38
I          9        39
I         11        40
I          3        41
I          2        42
I          7        43
I         12        44
I         11        45
I          1        46
I          1        47
I          4        48
I         12        49
I         10        50
I          1        51
I         12        52
I         11        53
I          8        54
I         12        55
I          1        56
I         12        57
I          7        58
I         12        59
I          2        60
I          6        61
I          1        62
I         12        63
I          2        64
I         12        65
I          4        66
I         10        67
I          3        68
I          8        69
I          2        70
I          7        71
I         12        72
I          5        73
I          2        74
I         11        75
I          2        76
I         12        77
I          3        78
I          2        79
I          9        80
I          7        81
I         11        82
I          5        83
I         10        84
I          7        85
I          6        86
I          2        87
I          7        88
I          1        89
I          7        90
I         10        91
I         11        92
I          4        93
I          9        94
I          8        95
I         11        96
I          4        97
I         10        98
I          2        99
I          8       100
I          5       101
I          5       102
I          8       103
I          3       104
I          9       105
I          1       106
I          8       107
I          9       108
I          4       109
I          3       110
I          8       111
I          8       112
I         11       113
I          3       114
I         11       115
I          8       116
I          3       117
I         12       118
I          6       119
I          8       120
I          7       121
I         11       122
I          1       123
I          9       124
I          7       125
I         12       126
I         10       127
I         11       128
I          6       129
I          9       130
I          6       131
I          7       132
I          9       133
I          9       134
I         10       135
I          7       136
I          9       137
I          5       138
I          4       139
I          3       140
I          1       141
I          6       142
I          9       143
I          6       144
I          5       145
I         11       146
I          2       147
I         12       148
I          6       149
I          4       150
I         11       151
I          5       152
I          2       153
I          6       154
I          3       155
I          9       156
I         11       157
I          7       158
I          1       159
I         10       160
I          6       161
I          4       162
I          1       163
I          7       164
I          2       165
I         11       166
I          6       167
I          7       168
I         10       169
I          6       170
I          7       171
I          2       172
I          6       173
I          5       174
I         11       175
I          5       176
I         11       177
I          1       178
I          5       179
I          6       180
I          1       181
I         11       182
I          7       183
I         12       184
I          7       185
I          8       186
I          9       187
I          2       188
I          7       189
I          9       190
I          4       191
I          2       192
I          4       193
I          9       194
I          2       195
I          8       196
I         12       197
I          4       198
I          7       199
I         10       200
I          7       201
I          4       202
I          7       203
I          2       204
I          2       205
I          7       206
I         10       207
I          8       208
I          1       209
I         12       210
I          8       211
I          9       212
I          6       213
I          7       214
I          7       215
I          5       216
I          9       217
I         12       218
I          1       219
I         10       220
I          3       221
I          7       222
I          6       223
I          1       224
I          3       225
I          1       226
I         11       227
I          5       228
I          3       229
I          4       230
I         12       231
I         12       232
I         10       233
I         11       234
I          7       235
I          1       236
I          5       237
I          4       238
I         11       239
I          4       240
I          1       241
I          6       242
I         11       243
I          2       244
I          5       245
I          1       246
I          7       247
I          8       248
I          4       249
I         12       250
I          9       251
I          4       252
I          2       253
I          5       254
I         10       255
I          7       256
I          5       257
I         10       258
I         10       259
I         10       260
I         11       261
I         10       262
I          4       263
I         10       264
I          4       265
I          6       266
I          8       267
I          8       268
I          5       269
I          5       270
I          8       271
I          7       272
I          3       273
I          8       274
I          3       275
I          3       276
I          7       277
I         12       278
I          2       279
I          8       280
I          5       281
I          8       282
I          3       283
I         12       284
I          4       285
I          9       286
I          8       287
I         11       288
I         10       289
I         11       290
I          6       291
I          4       292
I         10       293
I         11       294
I          9       295
I          6       296
I          3       297
I         12       298
I         10       299
I          5       300
I         11       301
I          9       302
I          4       303
I         10       304
I          7       305
I         11       306
I         10       307
I         10       308
I          8       309
I          8       310
I          6       311
I          3       312
I          1       313
I          9       314
I         12       315
I         12       316
I          1       317
I          9       318
I         12       319
I          9       320
I         10       321
I         10       322
I          6       323
I          4       324
I          2       325
I         11       326
I         11       327
I          3       328
I          6       329
I          5       330
I          5       331
I          6       332
I          9       333
I          1       334
I          1       335
I          4       336
I          2       337
I          3       338
I          8       339
I          9       340
I          7       341
I          6       342
I          9       343
I          3       344
I          5       345
I          8       346
I          4       347
I          6       348
I          4       349
I          2       350
I          6       351
I          1       352
I          7       353
I          7       354
I         10       355
I          9       356
I          3       357
I          4       358
I         12       359
I          5       360
I         10       361
I          4       362
I          5       363
I          5       364
I          5       365
I          8       366
I          7       367
I         12       368
I          6       369
I          7       370
I         11       371
I          7       372
I          5       373
I          8       374
I          8       375
I          4       376
I          1       377
I          5       378
I          2       379
I         10       380
I          7       381
I          5       382
I          4       383
I          8       384
I          5       385
I          1       386
I          7       387
I          3       388
I          8       389
I          5       390
I          7       391
I          6       392
I          7       393
I          7       394
I          5       395
I          9       396
I         11       397
I          8       398
I          2       399
I          9       400
I          5       401
I          5       402
I          2       403
I          5       404
I         12       405
I         12       406
I         11       407
I          2       408
I          8       409
I          2       410
I          8       411
I          1       412
I          1       413
I          4       414
I          8       415
I         12       416
I         11       417
I          4       418
I          8       419
I         12       420
I          1       421
I         11       422
I          5       423
I          8       424
I          1       425
I          2       426
I          8       427
I          6       428
I          8       429
I          7       430
I          4       431
I          5       432
I         12       433
I          6       434
I          3       435
I          5       436
I          7       437
I          9       438
I          9       439
I          3       440
I          8       441
I          7       442
I          7       443
I          7       444
I         10       445
I         12       446
I          5       447
I          9       448
I         12       449
I          5       450
I          3       451
I          2       452
I         12       453
I          3       454
I          2       455
I          1       456
I         11       457
I          2       458
I          5       459
I         11       460
I          1       461
I          2       462
I         11       463
I          4       464
I          6       465
I          9       466
I          9       467
I          3       468
I          6       469
I          5       470
I          4       471
I         10       472
I          2       473
I          9       474
I         10       475
I         12       476
I          3       477
I          4       478
I          1       479
I          9       480
I          3       481
I          2       482
I          3       483
I          6       484
I          7       485
I         10       486
I         12       487
I          2       488
I          4       489
I          4       490
I          7       491
I          1       492
I         10       493
I          3       494
I         11       495
I          2       496
I          7       497
I         10       498
I          5       499
I          6       500
I          5       501
I          5       502
I          8       503
I          2       504
I          5       505
I         10       506
I          8       507
I          5       508
I          8       509
I          2       510
I         11       511
I          4       512
I          1       513
I          1       514
I          3       515
I         10       516
I         10       517
I          7       518
I          7       519
I         10       520
I         11       521
I          3       522
I          9       523
I          5       524
I          1       525
I         11       526
I          2       527
I          9       528
I          4       529
I         12       530
I          1       531
I          1       532
I         12       533
I         12       534
I         12       535
I          3       536
I          4       537
I          2       538
I          7       539
I          7       540
I         12       541
I          1       542
I          5       543
I         12       544
I         11       545
I         12       546
I         10       547
I          9       548
I         10       549
I         12       550
I          7       551
I          2       552
I          5       553
I          2       554
I          5       555
I          7       556
I          1       557
I         11       558
I          7       559
I          1       560
I          4       561
I         12       562
I         12       563
I          7       564
I         11       565
I          9       566
I          6       567
I          5       568
I          9       569
I          2       570
I         11       571
I          3       572
I          9       573
I         10       574
I          6       575
I          7       576
I          7       577
I          2       578
I          4       579
I          7       580
I          8       581
I          7       582
I          2       583
I          2       584
I          1       585
I          8       586
I          4       587
I         12       588
I          1       589
I         12       590
I          1       591
I          1       592
I         12       593
I          4       594
I          7       595
I          6       596
I          5       597
I          8       598
I          7       599
I          8       600
I          4       601
I          2       602
I          6       603
I          8       604
I          3       605
I          6       606
I          2       607
I          5       608
I          4       609
I          6       610
I          5       611
I          6       612
I         10       613
I          9       614
I         10       615
I          7       616
I          7       617
I          3       618
I          4       619
I          3       620
I          9       621
I          7       622
I         12       623
I          5       624
I          1       625
I          7       626
I          4       627
I         10       628
I          3       629
I          4       630
I          7       631
I          3       632
I          8       633
I          2       634
I          5       635
I          7       636
I          5       637
I          6       638
I          3       639
I          7       640
I          6       641
I          2       642
I          3       643
I         12       644
I          5       645
I         12       646
I          9       647
I          3       648
I          1       649
I          2       650
I          6       651
I          4       652
I          2       653
I          6       654
I          2       655
I          2       656
I          2       657
I          3       658
I          8       659
I         10       660
I          9       661
I         11       662
I         10       663
I         12       664
I          5       665
I          1       666
I          1       667
I          5       668
I          1       669
I          8       670
I          7       671
I         10       672
I          4       673
I          3       674
I          9       675
I          3       676
I          7       677
I          4       678
I          1       679
I          8       680
I         11       681
I          4       682
I          2       683
I          1       684
I          4       685
I          1       686
I          5       687
I          1       688
I          6       689
I         11       690
I          7       691
I         12       692
I          6       693
I         10       694
I         11       695
I          1       696
I         10       697
I          8       698
I         11       699
I         11       700
I         11       701
I          7       702
I          6       703
I          2       704
I         11       705
I          7       706
I          9       707
I          5       708
I          2       709
I          9       710
I          5       711
I          4       712
I          4       713
I         10       714
I         10       715
I          2       716
I          8       717
I          9       718
I          6       719
I          3       720
I          4       721
I          7       722
I          4       723
I         11       724
I          1       725
I          6       726
I          4       727
I          8       728
I          8       729
I         12       730
I          5       731
I          4       732
I          1       733
I         10       734
I          9       735
I          8       736
I          2       737
I         12       738
I          8       739
I          2       740
I          4       741
I          4       742
I          1       743
I          7       744
I          8       745
I          6       746
I         11       747
I          9       748
I          5       749
I          4       750
I         11       751
I          8       752
I         11       753
I          8       754
I          5       755
I          2       756
I          3       757
I          3       758
I          2       759
I          5       760
I         12       761
I          6       762
I          8       763
I          9       764
I          7       765
I          7       766
I          3       767
I          2       768
I          8       769
I          1       770
I          9       771
I          1       772
I          9       773
I          1       774
I         11       775
I          5       776
I          8       777
I          5       778
I          3       779
I          1       780
I          6       781
I          3       782
I         11       783
I         12       784
I          1       785
I          9       786
I          7       787
I          7       788
I          1       789
I          4       790
I         11       791
I         10       792
I          4       793
I          2       794
I          5       795
I          5       796
I          3       797
I          6       798
I         12       799
I          4       800
I         11       801
I          1       802
I          9       803
I          1       804
I          4       805
I          2       806
I         12       807
I          7       808
I          2       809
I          5       810
I          9       811
I          1       812
I         11       813
I          5       814
I          4       815
I         10       816
I          4       817
I          1       818
I         11       819
I          4       820
I          2       821
I          2       822
I          8       823
I          7       824
I          6       825
I          1       826
I         12       827
I         11       828
I          4       829
I          7       830
I          5       831
I         11       832
I          2       833
I         11       834
I         10       835
I          4       836
I          8       837
I          4       838
I          8       839
I          4       840
I         10       841
I          5       842
I          7       843
I          4       844
I         11       845
I          4       846
I          6       847
I          9       848
I         10       849
I          7       850
I         11       851
I          3       852
I          7       853
I         12       854
I          8       855
I          1       856
I          1       857
I          9       858
I          7       859
I          4       860
I          8       861
I          2       862
I          2       863
I          5       864
I         11       865
I         10       866
I          5       867
I          3       868
I          7       869
I          3       870
I          3       871
I          2       872
I         11       873
I          6       874
I          7       875
I          4       876
I          7       877
I          6       878
I          7       879
I         12       880
I          4       881
I          4       882
I          9       883
I          8       884
I          6       885
I         12       886
I          3       887
I         11       888
I          2       889
I         10       890
I          2       891
I          8       892
I          8       893
I         12       894
I          2       895
I          9       896
I          2       897
I          9       898
I          8       899
I          2       900
I         10       901
I          6       902
I          7       903
I         11       904
I          2       905
I         12       906
I          9       907
I          7       908
I          4       909
I          6       910
I          8       911
I         11       912
I          6       913
I         10       914
I          6       915
I          6       916
I         10       917
I          7       918
I         12       919
I          9       920
I          8       921
I          9       922
I          5       923
I          1       924
I         11       925
I          6       926
I          3       927
I          3       928
I         10       929
I          7       930
I          7       931
I          6       932
I          3       933
I         11       934
I          6       935
I          2       936
I          7       937
I          9       938
I          9       939
I          5       940
I          5       941
I          8       942
I          4       943
I          9       944
I          5       945
I         12       946
I          2       947
I         12       948
I         11       949
I         12       950
I         10       951
I          6       952
I          7       953
I          9       954
I          3       955
I         11       956
I          5       957
I          1       958
I          4       959
I         12       960
I         12       961
I         10       962
I          3       963
I          8       964
I         10       965
I          2       966
I         11       967
I          4       968
I          6       969
I         10       970
I          6       971
I         11       972
I          3       973
I          4       974
I          5       975
I          1       976
I          5       977
I          9       978
I          6       979
I          6       980
I          5       981
I          3       982
I          3       983
I         10       984
I          5       985
I          6       986
I          6       987
I         11       988
I          8       989
I          8       990
I          4       991
I          5       992
I         12       993
I          9       994
I         11       995
I          8       996
I          8       997
I          4       998
I          5       999
I         12      1000
I          3      1001
I         12      1002
I          4      1003
I          9      1004
I         12      1005
I          1      1006
I          8      1007
I          7      1008
I          6      1009
I         11      1010
I          8      1011
I          2      1012
I          2      1013
I          5      1014
I          3      1015
I          9      1016
I          7      1017
I          6      1018
I          6      1019
I          7      1020
I          6      1021
I          2      1022
I          4      1023
I          8      1024
I          6      1025
I          9      1026
I          4      1027
I         12      1028
I          8      1029
I          6      1030
I          5      1031
I          1      1032
I          9      1033
I          2      1034
I         12      1035
I          9      1036
I          3      1037
I          2      1038
I          2      1039
I          2      1040
I         11      1041
I         12      1042
I          7      1043
I          5      1044
I         12      1045
I          7      1046
I         10      1047
I          1      1048
I          8      1049
I          4      1050
I          1      1051
I          5      1052
I         12      1053
I         12      1054
I          4      1055
I         11      1056
I          8      1057
I          8      1058
I          4      1059
I          4      1060
I          3      1061
I         11      1062
I          9      1063
I         12      1064
I          9      1065
I          6      1066
I          9      1067
I          9      1068
I         11      1069
I         10      1070
I          7      1071
I          4      1072
I          7      1073
I         11      1074
I          5      1075
I          8      1076
I          7      1077
I          1      1078
I          5      1079
I          5      1080
I          4      1081
I          1      1082
I         11      1083
I          2      1084
I         10      1085
I          4      1086
I          9      1087
I          6      1088
I         10      1089
I         12      1090
I          3      1091
I          3      1092
I          4      1093
I          2      1094
I          9      1095
I          6      1096
I          7      1097
I          8      1098
I          4      1099
I          9      1100
I         12      1101
I         11      1102
I          8      1103
I         10      1104
I         12      1105
I          1      1106
I         10      1107
I          6      1108
I          6      1109
I          8      1110
I          9      1111
I         10      1112
I          7      1113
I          8      1114
I          3      1115
I         12      1116
I          3      1117
I          7      1118
I          3      1119
I          9      1120
I          8      1121
I          1      1122
I         10      1123
I          8      1124
I         11      1125
I         10      1126
I          3      1127
I         12      1128
I          9      1129
I          3      1130
I          1      1131
I          6      1132
I          4      1133
I         12      1134
I          9      1135
I          2      1136
I          2      1137
I          7      1138
I          8      1139
I          2      1140
I          3      1141
I          6      1142
I          2      1143
I          7      1144
I         11      1145
I          9      1146
I         12      1147
I          9      1148
I         12      1149
I          4      1150
I          6      1151
I          6      1152
I         10      1153
I         12      1154
I          2      1155
I          2      1156
I          8      1157
I          6      1158
I          5      1159
I         12      1160
I         10      1161
I          1      1162
I         12      1163
I         12      1164
I          6      1165
I          2      1166
I         12      1167
I         12      1168
I          1      1169
I          7      1170
I          8      1171
I          5      1172
I          9      1173
I          6      1174
I          7      1175
I          9      1176
I          6      1177
I         10      1178
I          8      1179
I          5      1180
I          6      1181
I         11      1182
I          2      1183
I          9      1184
I          1      1185
I          5      1186
I          3      1187
I          1      1188
I          9      1189
I          2      1190
I          3      1191
I         11      1192
I         12      1193
I         10      1194
I         10      1195
I          3      1196
I          2      1197
I          1      1198
I          4      1199
I          7      1200
I         12      1201
I         10      1202
I          8      1203
I         10      1204
I          8      1205
I          3      1206
I          2      1207
I          7      1208
I          2      1209
I         10      1210
I          4      1211
I          2      1212
I          8      1213
I         10      1214
I          3      1215
I         10      1216
I         10      1217
I          5      1218
I          6      1219
I         10      1220
I          3      1221
I          3      1222
I          2      1223
I         10      1224
I          8      1225
I          9      1226
I          3      1227
I         11      1228
I          9      1229
I          1      1230
I          4      1231
I          2      1232
I          3      1233
I         10      1234
I          9      1235
I          7      1236
I          2      1237
I          9      1238
I          1      1239
I          4      1240
I          8      1241
I         11      1242
I          1      1243
I          3      1244
I          6      1245
I          6      1246
I         11      1247
I          4      1248
I          9      1249
I         12      1250
I          9      1251
I          7      1252
I          1      1253
I          7      1254
I          9      1255
I          7      1256
I          8      1257
I         10      1258
I          7      1259
I          9      1260
I          6      1261
I         10      1262
I          1      1263
I          3      1264
I          1      1265
I          6      1266
I          6      1267
I          5      1268
I          9      1269
I         10      1270
I          7      1271
I          6      1272
I          6      1273
I         11      1274
I         10      1275
I          5      1276
I          8      1277
I          7      1278
I          4      1279
I         12      1280
I          9      1281
I          9      1282
I          5      1283
I          2      1284
I          3      1285
I         10      1286
I          9      1287
I          4      1288
I         10      1289
I          1      1290
I          7      1291
I         10      1292
I          9      1293
I          9      1294
I          6      1295
I          7      1296
I          9      1297
I          9      1298
I          2      1299
I          5      1300
I          1      1301
I         10      1302
I         11      1303
I          8      1304
I          5      1305
I         12      1306
I          9      1307
I         10      1308
I         10      1309
I         11      1310
I          6      1311
I          6      1312
I          5      1313
I          4      1314
I          2      1315
I         11      1316
I          4      1317
I         12      1318
I          9      1319
I          1      1320
I         12      1321
I          3      1322
I         11      1323
I         12      1324
I          8      1325
I          3      1326
I          9      1327
I          3      1328
I          7      1329
I         10      1330
I          3      1331
I          7      1332
I          3      1333
I          3      1334
I          7      1335
I         10      1336
I          6      1337
I          9      1338
I          1      1339
I         11      1340
I          1      1341
I          9      1342
I          9      1343
I         11      1344
I          6      1345
I          1      1346
I          4      1347
I          1      1348
I          8      1349
I          1      1350
I          2      1351
I          2      1352
I          6      1353
I          5      1354
I         10      1355
I          6      1356
I          5      1357
I          8      1358
I          6      1359
I          9      1360
I         12      1361
I          7      1362
I          1      1363
I          2      1364
I          7      1365
I         12      1366
I         11      1367
I         12      1368
I          5      1369
I          2      1370
I          9      1371
I          6      1372
I          9      1373
I          9      1374
I         10      1375
I         11      1376
I         11      1377
I          5      1378
I          8      1379
I          3      1380
I          1      1381
I         10      1382
I         10      1383
I          5      1384
I          7      1385
I          5      1386
I         12      1387
I          2      1388
I          7      1389
I         10      1390
I          2      1391
I          5      1392
I          4      1393
I          4      1394
I          5      1395
I          1      1396
I          3      1397
I          4      1398
I          9      1399
I          2      1400
I         11      1401
I          9      1402
I          8      1403
I          4      1404
I         11      1405
I         10      1406
I         10      1407
I          5      1408
I         10      1409
I          5      1410
I          7      1411
I          2      1412
I          2      1413
I          9      1414
I          7      1415
I          6      1416
I          4      1417
I          9      1418
I          9      1419
I          3      1420
I          4      1421
I          3      1422
I          3      1423
I         12      1424
I         12      1425
I          3      1426
I          2      1427
I          2      1428
I          1      1429
I          1      1430
I          9      1431
I          3      1432
I         11      1433
I         11      1434
I          2      1435
I          4      1436
I          9      1437
I         10      1438
I         11      1439
I          4      1440
I          8      1441
I          3      1442
I          6      1443
I          2      1444
I         10      1445
I         10      1446
I          8      1447
I          1      1448
I          1      1449
I          1      1450
I          5      1451
I          7      1452
I         12      1453
I          1      1454
I          4      1455
I          2      1456
I          3      1457
I         11      1458
I          2      1459
I          9      1460
I          3      1461
I          3      1462
I          5      1463
I         12      1464
I         10      1465
I          2      1466
I          5      1467
I          8      1468
I         10      1469
I          1      1470
I          8      1471
I          6      1472
I         11      1473
I         10      1474
I         11      1475
I          3      1476
I          2      1477
I          5      1478
I          6      1479
I          8      1480
I         10      1481
I         12      1482
I          6      1483
I          4      1484
I          6      1485
I         11      1486
I          6      1487
I          6      1488
I         12      1489
I          6      1490
I          1      1491
I          2      1492
I          9      1493
I          3      1494
I          4      1495
I          4      1496
I          1      1497
I          5      1498
I          6      1499
I          1      1500
I         10      1501
I         11      1502
I          1      1503
I          4      1504
I         11      1505
I          4      1506
I          6      1507
I         12      1508
I          1      1509
I         11      1510
I          4      1511
I          5      1512
I          3      1513
I          2      1514
I          6      1515
I          1      1516
I          1      1517
I          6      1518
I          3      1519
I          9      1520
I          9      1521
I          7      1522
I         11      1523
I         12      1524
I         11      1525
I          8      1526
I          9      1527
I         12      1528
I         10      1529
I          2      1530
I          8      1531
I          7      1532
I         11      1533
I          3      1534
I          7      1535
I         11      1536
I          5      1537
I          5      1538
I         10      1539
I          2      1540
I         11      1541
I          6      1542
I         12      1543
I          7      1544
I          6      1545
I          6      1546
I          2      1547
I          1      1548
I          2      1549
I          5      1550
I          7      1551
I          3      1552
I          7      1553
I         12      1554
I          2      1555
I         12      1556
I          5      1557
I         10      1558
I         11      1559
I          1      1560
I          9      1561
I         11      1562
I          9      1563
I          4      1564
I          7      1565
I         10      1566
I          6      1567
I         10      1568
I          1      1569
I          1      1570
I          5      1571
I          9      1572
I          8      1573
I          1      1574
I          1      1575
I          2      1576
I          4      1577
I          5      1578
I          3      1579
I          4      1580
I          4      1581
I         10      1582
I          6      1583
I         10      1584
I          1      1585
I          4      1586
I          2      1587
I         10      1588
I          2      1589
I          5      1590
I          3      1591
I          7      1592
I          9      1593
I         12      1594
I         10      1595
I          8      1596
I          2      1597
I          1      1598
I          5      1599
I          6      1600
I          7      1601
I          4      1602
I         11      1603
I         12      1604
I          2      1605
I          2      1606
I         10      1607
I          8      1608
I          8      1609
I          1      1610
I         11      1611
I          7      1612
I         12      1613
I         12      1614
I          3      1615
I          7      1616
I          6      1617
I          7      1618
I          2      1619
I          2      1620
I          9      1621
I          1      1622
I         12      1623
I          7      1624
I          1      1625
I          3      1626
I         12      1627
I          6      1628
I          9      1629
I          5      1630
I          5      1631
I         12      1632
I          9      1633
I          2      1634
I          4      1635
I          1      1636
I         10      1637
I          6      1638
I         12      1639
I          8      1640
I          2      1641
I          9      1642
I          6      1643
I          2      1644
I         11      1645
I         12      1646
I          5      1647
I          4      1648
I          2      1649
I          1      1650
I          3      1651
I          4      1652
I          2      1653
I         11      1654
I         10      1655
I          4      1656
I          6      1657
I          8      1658
I          2      1659
I          6      1660
I          6      1661
I          7      1662
I          8      1663
I         10      1664
I          2      1665
I         12      1666
I          5      1667
I          5      1668
I          8      1669
I          4      1670
I          2      1671
I          5      1672
I          6      1673
I          4      1674
I          2      1675
I          9      1676
I          3      1677
I         10      1678
I          5      1679
I          6      1680
I          9      1681
I          2      1682
I          9      1683
I          1      1684
I          8      1685
I          7      1686
I         12      1687
I          8      1688
I          1      1689
I          7      1690
I         11      1691
I          5      1692
I          5      1693
I         10      1694
I         10      1695
I         10      1696
I          5      1697
I          9      1698
I         12      1699
I          4      1700
I          7      1701
I          3      1702
I          6      1703
I         10      1704
I          1      1705
I         12      1706
I         12      1707
I          9      1708
I          7      1709
I          9      1710
I          8      1711
I         10      1712
I         12      1713
I          9      1714
I          8      1715
I          4      1716
I          2      1717
I          3      1718
I          1      1719
I          7      1720
I          8      1721
I         11      1722
I          6      1723
I         11      1724
I         12      1725
I         11      1726
I          6      1727
I          6      1728
I          7      1729
I          1      1730
I          8      1731
I          3      1732
I         11      1733
I          4      1734
I         10      1735
I          9      1736
I          2      1737
I          2      1738
I          6      1739
I         10      1740
I          7      1741
I         12      1742
I          6      1743
I          5      1744
I          9      1745
I          3      1746
I          4      1747
I          2      1748
I          3      1749
I          5      1750
I          1      1751
I         11      1752
I          1      1753
I          9      1754
I         10      1755
I          5      1756
I          7      1757
I          3      1758
I         10      1759
I         11      1760
I          4      1761
I          9      1762
I         10      1763
I         11      1764
I          6      1765
I          9      1766
I          9      1767
I         12      1768
I          9      1769
I          5      1770
I          3      1771
I          4      1772
I          3      1773
I          1      1774
I          4      1775
I          2      1776
I          5      1777
I         11      1778
I          9      1779
I         11      1780
I         10      1781
I          4      1782
I          3      1783
I          7      1784
I          8      1785
I          1      1786
I          7      1787
I          9      1788
I          4      1789
I         11      1790
I          1      1791
I          9      1792
I          4      1793
I         10      1794
I          1      1795
I          3      1796
I          6      1797
I          1      1798
I          7      1799
I         10      1800
I          3      1801
I         10      1802
I         11      1803
I          1      1804
I          8      1805
I          9      1806
I         10      1807
I         10      1808
I          8      1809
I         10      1810
I          2      1811
I         11      1812
I          9      1813
I          9      1814
I          1      1815
I          8      1816
I          2      1817
I          1      1818
I          6      1819
I          2      1820
I          9      1821
I         11      1822
I          3      1823
I          8      1824
I         10      1825
I          9      1826
I          4      1827
I         10      1828
I          2      1829
I          9      1830
I         12      1831
I          7      1832
I          3      1833
I          8      1834
I          1      1835
I         11      1836
I          8      1837
I          6      1838
I          5      1839
I          5      1840
I          8      1841
I          3      1842
I          3      1843
I         10      1844
I          9      1845
I          8      1846
I          8      1847
I         11      1848
I          2      1849
I          8      1850
I          4      1851
I          3      1852
I          8      1853
I          7      1854
I          9      1855
I         11      1856
I          9      1857
I          2      1858
I         12      1859
I          1      1860
I          9      1861
I          2      1862
I          5      1863
I          2      1864
I          2      1865
I          8      1866
I          9      1867
I         10      1868
I          8      1869
I          9      1870
I          3      1871
I          5      1872
I          7      1873
I         11      1874
I          2      1875
I         11      1876
I          8      1877
I          2      1878
I          4      1879
I          7      1880
I          3      1881
I          9      1882
I          8      1883
I          7      1884
I          9      1885
I          5      1886
I          5      1887
I          6      1888
I          6      1889
I          3      1890
I          9      1891
I         10      1892
I          3      1893
I          2      1894
I         12      1895
I         12      1896
I          5      1897
I         10      1898
I          7      1899
I         11      1900
I         12      1901
I          4      1902
I          8      1903
I         11      1904
I          7      1905
I          4      1906
I          6      1907
I          9      1908
I          7      1909
I          8      1910
I          2      1911
I         10      1912
I         10      1913
I          5      1914
I          2      1915
I          3      1916
I          1      1917
I          2      1918
I          2      1919
I          8      1920
I         11      1921
I          1      1922
I          1      1923
I          5      1924
I          9      1925
I         11      1926
I          3      1927
I          5      1928
I          5      1929
I         11      1930
I          3      1931
I         12      1932
I         11      1933
I         10      1934
I         12      1935
I          5      1936
I          6      1937
I          3      1938
I          3      1939
I          3      1940
I          9      1941
I          4      1942
I          3      1943
I          6      1944
I         12      1945
I          4      1946
I          2      1947
I          5      1948
I          1      1949
I         10      1950
I          9      1951
I          2      1952
I          5      1953
I         11      1954
I          9      1955
I         11      1956
I          9      1957
I          5      1958
I         10      1959
I          9      1960
I          4      1961
I          8      1962
I         10      1963
I          2      1964
I          9      1965
I          1      1966
I          1      1967
I          9      1968
I          6      1969
I          3      1970
I          5      1971
I         10      1972
I          7      1973
I          6      1974
I         11      1975
I         10      1976
I         10      1977
I          7      1978
I          6      1979
I          7      1980
I          2      1981
I          3      1982
I         12      1983
I          6      1984
I         12      1985
I          1      1986
I          4      1987
I          2      1988
I         12      1989
I          3      1990
I         12      1991
I          1      1992
I          2      1993
I          1      1994
I         11      1995
I          5      1996
I          7      1997
I          7      1998
I          7      1999
I          7      2000
I          3      2001
I          1      2002
I          7      2003
I         11      2004
I         12      2005
I          6      2006
I          4      2007
I          4      2008
I         11      2009
I          5      2010
I          2      2011
I          6      2012
I          9      2013
I         12      2014
I         11      2015
I          9      2016
I          9      2017
I         12      2018
I          3      2019
I          1      2020
I         10      2021
I          2      2022
I          1      2023
I          3      2024
I          3      2025
I          7      2026
I          7      2027
I          8      2028
I          5      2029
I          2      2030
I          4      2031
I          6      2032
I          2      2033
I          2      2034
I          4      2035
I         10      2036
I          4      2037
I          9      2038
I          9      2039
I          9      2040
I         10      2041
I         10      2042
I          7      2043
I         12      2044
I          5      2045
I          5      2046
I          8      2047
E
E
E
E
E
E
E
E
E
E
E
E
E
E
E
E
E
E
E
E
E
E
E
E
E
E
E
E
E
E
E
E
E
E
E
E
E
E
E
E
E
E
E
E
E
E
E
E
E
E
E
E
E
E
E
E
E
E
E
E
E
E
E
E
E
E
E
E
E
E
E
E
E
E
E
E
E
E
E
E
E
E
E
E
E
E
E
E
E
E
E
E
E
E
E
E
E
E
E
E
E
E
E
E
E
E
E
E
E
E
E
E
E
E
E
E
E
E
E
E
E
E
E
E
E
E
E
E
E
E
E
E
E
E
E
E
E
E
E
E
E
E
E
E
E
E
E
E
E
E
E
E
E
E
E
E
E
E
E
E
E
E
E
E
E
E
E
E
E
E
E
E
E
E
E
E
E
E
E
E
E
E
E
E
E
E
E
E
E
E
E
E
E
E
E
E
E
E
E
E
E
E
E
E
E
E
E
E
E
E
E
E
E
E
E
E
E
E
E
E
E
E
E
E
E
E
E
E
E
E
E
E
E
E
E
E
E
E
E
E
E
E
E
E
E
E
E
E
E
E
E
E
E
E
E
E
E
E
E
E
E
E
E
E
E
E
E
E
E
E
E
E
E
E
E
E
E
E
E
E
E
E
E
E
E
E
E
E
E
E
E
E
E
E
E
E
E
E
E
E
E
E
E
E
E
E
E
E
E
E
E
E
E
E
E
E
E
E
E
E
E
E
E
E
E
E
E
E
E
E
E
E
E
E
E
E
E
E
E
E
E
E
E
E
E
E
E
E
E
E
E
E
E
E
E
E
E
E
E
E
E
E
E
E
E
E
E
E
E
E
E
E
E
E
E
E
E
E
E
E
E
E
E
E
E
E
E
E
E
E
E
E
E
E
E
E
E
E
E
E
E
E
E
E
E
E
E
E
E
E
E
E
E
E
E
E
E
E
E
E
E
E
E
E
E
E
E
E
E
E
E
E
E
E
E
E
E
E
E
E
E
E
E
E
E
E
E
E
E
E
E
E
E
E
E
E
E
E
E
E
E
E
E
E
E
E
E
E
E
E
E
E
E
E
E
E
E
E
E
E
E
E
E
E
E
E
E
E
E
E
E
E
E
E
E
E
E
E
E
E
E
E
E
E
E
E
E
E
E
E
E
E
E
E
E
E
E
E
E
E
E
E
E
E
E
E
E
E
E
E
E
E
E
E
E
E
E
E
E
E
E
E
E
E
E
E
E
E
E
E
E
E
E
E
E
E
E
E
E
E
E
E
E
E
E
E
E
E
E
E
E
E
E
E
E
E
E
E
E
E
E
E
E
E
E
E
E
E
E
E
E
E
E
E
E
E
E
E
E
E
E
E
E
E
E
E
E
E
E
E
E
E
E
E
E
E
E
E
E
E
E
E
E
E
E
E
E
E
E
E
E
E
E
E
E
E
E
E
E
E
E
E
E
E
E
E
E
E
E
E
E
E
E
E
E
E
E
E
E
E
E
E
E
E
E
E
E
E
E
E
E
E
E
E
E
E
E
E
E
E
E
E
E
E
E
E
E
E
E
E
E
E
E
E
E
E
E
E
E
E
E
E
E
E
E
E
E
E
E
E
E
E
E
E
E
E
E
E
E
E
E
E
E
E
E
E
E
E
E
E
E
E
E
E
E
E
E
E
E
E
E
E
E
E
E
E
E
E
E
E
E
E
E
E
E
E
E
E
E
E
E
E
E
E
E
E
E
E
E
E
E
E
E
E
E
E
E
E
E
E
E
E
E
E
E
E
E
E
E
E
E
E
E
E
E
E
E
E
E
E
E
E
E
E
E
E
E
E
E
E
E
E
E
E
E
E
E
E
E
E
E
E
E
E
E
E
E
E
E
E
E
E
E
E
E
E
E
E
E
E
E
E
E
E
E
E
E
E
E
E
E
E
E
E
E
E
E
E
E
E
E
E
E
E
E
E
E
E
E
E
E
E
E
E
E
E
E
E
E
E
E
E
E
E
E
E
E
E
E
E
E
E
E
E
E
E
E
E
E
E
E
E
E
E
E
E
E
E
E
E
E
E
E
E
E
E
E
E
E
E
E
E
E
E
E
E
E
E
E
E
E
E
E
E
E
E
E
E
E
E
E
E
E
E
E
E
E
E
E
E
E
E
E
E
E
E
E
E
E
E
E
E
E
E
E
E
E
E
E
E
E
E
E
E
E
E
E
E
E
E
E
E
E
E
E
E
E
E
E
E
E
E
E
E
E
E
E
E
E
E
E
E
E
E
E
E
E
E
E
E
E
E
E
E
E
E
E
E
E
E
E
E
E
E
E
E
E
E
E
E
E
E
E
E
E
E
E
E
E
E
E
E
E
E
E
E
E
E
E
E
E
E
E
E
E
E
E
E
E
E
E
E
E
E
E
E
E
E
E
E
E
E
E
E
E
E
E
E
E
E
E
E
E
E
E
E
E
E
E
E
E
E
E
E
E
E
E
E
E
E
E
E
E
E
E
E
E
E
E
E
E
E
E
E
E
E
E
E
E
E
E
E
E
E
E
E
E
E
E
E
E
E
E
E
E
E
E
E
E
E
E
E
E
E
E
E
E
E
E
E
E
E
E
E
E
E
E
E
E
E
E
E
E
E
E
E
E
E
E
E
E
E
E
E
E
E
E
E
E
E
E
E
E
E
E
E
E
E
E
E
E
E
E
E
E
E
E
E
E
E
E
E
E
E
E
E
E
E
E
E
E
E
E
E
E
E
E
E
E
E
E
E
E
E
E
E
E
E
E
E
E
E
E
E
E
E
E
E
E
E
E
E
E
E
E
E
E
E
E
E
E
E
E
E
E
E
E
E
E
E
E
E
E
E
E
E
E
E
E
E
E
E
E
E
E
E
E
E
E
E
E
E
E
E
E
E
E
E
E
E
E
E
E
E
E
E
E
E
E
E
E
E
E
E
E
E
E
E
E
E
E
E
E
E
E
E
E
E
E
E
E
E
E
E
E
E
E
E
E
E
E
E
E
E
E
E
E
E
E
E
E
E
E
E
E
E
E
E
E
E
E
E
E
E
E
E
E
E
E
E
E
E
E
E
E
E
E
E
E
E
E
E
E
E
E
E
E
E
E
E
E
E
E
E
E
E
E
E
E
E
E
E
E
E
E
E
E
E
E
E
E
E
E
E
E
E
E
E
E
E
E
E
E
E
E
E
E
E
E
E
E
E
E
E
E
E
E
E
E
E
E
E
E
E
E
E
E
E
E
E
E
E
E
E
E
E
E
E
E
E
E
E
E
E
E
E
E
E
E
E
E
E
E
E
E
E
E
E
E
E
E
E
E
E
E
E
E
E
E
E
E
E
E
E
E
E
E
E
E
E
E
E
E
E
E
E
E
E
E
E
E
E
E
E
E
E
E
E
E
E
E
E
E
E
E
E
E
E
E
E
E
E
E
E
E
E
E
E
E
E
E
E
E
E
E
E
E
E
E
E
E
E
E
E
E
E
E
E
E
E
E
E
E
E
E
E
E
E
E
E
E
E
E
E
E
E
E
E
E
E
E
E
E
E
E
E
E
E
E
E
E
E
E
E
E
E
E
E
E
E
E
E
E
E
E
E
E
E
E
E
E
E
E
E
E
E
E
E
E
E
E
E
E
E
E
E
E
E
E
E
E
E
E
E
E
E
E
E
E
E
E
E
E
E
E
E
E
E
E
E
E
E
E
E
E
E
E
E
E
E
E
E
E
E
E
E
E
E
E
E
E
E
E
E
E
E
E
E
E
E
E
E
E
E
E
E
E
E
E
E
E
E
E
E
E
E
E
E
E
E
E
E
E
E
E
E
E
E
E
E
E
E
E
E
E
E
E
E
E
E
E
E
E
E
E
E
E
E
E
E
E
E
E
E
E
E
E
E
E
E
E
E
E
E
E
E
E
E
E
E
E
E
E
E
E
E
E
E
E
E
E
E
E
E
E
E
E
E
E
E
E
E
E
E
E
E
E
E
E
E
E
E
E
E
E
E
E
E
E
E
E
E
E
E
E
E
E
E
E
E
E
E
E
E
E
E
E
E
E
E
E
E
E
E
E
E
E
E
E
E
E
E
E
E
E
E
E
E
E
E
E
E
E
E
E
E
E
E
E
E
E
E
E
E
E
E
E
E
E
E
E
E
E
E
E
E
E
E
E
E
E
E
E
E
E
E
E
E
E
E
E
E
E
E
E
E
E
E
E
E
E
E
E
E
E
E
E
E
E
E
E
E
E
E
E
E
E
E
E
E
E
E
E
E
E
E
E
E
E
E
E
E
E
E
E
E
E
E
E
E
E
E
E
E
E
E
E
E
E
E
E
E
E
E
E
E
E
E
E
E
E
E
E
E
E
E
E
E
E
E
E
E
E
E
E
E
E
E
E
E
E
E
E
E
E
E
E
E
E
E
E
E
E
E
E
E
E
E
E
E
E
E
E
E
E
E
E
E
E
E
E
E
E
E
E
E
E
E
E
E
E
E
E
E
E
E
E
E
E
E
E
E
E
E
E
E
E
E
E
E
E
E
E
E
E
E
E
E
E
E
E
E
E
E
E
E
E
E
E
E
E
E
E
E
E
E
E
E
E
E
E
E
E
E
E
E
E
E
