batch-then-drain 1024 23
I          3         0
I         12         1
I          6         2
I          6         3
I          1         4
I          6         5
I          1         6
I         10         7
I         11         8
I         10         9
I          4        10
I          2        11
I         12        12
I          8        13
I          5        14
I          2        15
I          2        16
I          5        17
I         12        18
I          7        19
I          8        20
I          4        21
I         11        22
I          7        23
I         10        24
I          3        25
I         11        26
I          4        27
I          1        28
I          9        29
I          7        30
I          7        31
I          1        32
I          6        33
I          7        34
I          1        35
I          3        36
I          1        37
I          4        38
I          1        39
I          7        40
I          3        41
I          3        42
I          6        43
I          8        44
I         12        45
I         10        46
I          5        47
I         12        48
I         11        49
I          8        50
I          8        51
I         11        52
I          4        53
I          6        54
I          6        55
I          7        56
I          5        57
I          7        58
I         12        59
I          9        60
I          6        61
I          1        62
I          5        63
I         12        64
I          2        65
I         10        66
I          5        67
I         11        68
I          6        69
I         10        70
I          9        71
I          8        72
I          2        73
I         11        74
I          1        75
I          6        76
I          4        77
I          8        78
I         11        79
I         11        80
I          7        81
I          5        82
I          1        83
I          3        84
I          6        85
I         12        86
I          2        87
I          9        88
I         12        89
I          3        90
I          5        91
I          1        92
I         12        93
I         12        94
I          5        95
I          4        96
I          5        97
I          1        98
I          7        99
I          9       100
I          7       101
I          2       102
I         10       103
I         10       104
I          6       105
I          7       106
I          6       107
I         10       108
I          6       109
I          8       110
I          5       111
I          1       112
I          7       113
I         10       114
I          9       115
I          1       116
I         12       117
I          2       118
I          7       119
I          3       120
I          1       121
I          1       122
I          1       123
I          3       124
I          3       125
I          7       126
I         11       127
I          3       128
I          9       129
I         10       130
I          2       131
I          6       132
I          1       133
I          7       134
I          5       135
I          8       136
I          7       137
I          3       138
I         12       139
I          8       140
I          7       141
I          8       142
I          9       143
I          6       144
I         11       145
I          8       146
I          4       147
I         11       148
I          7       149
I          4       150
I          2       151
I          8       152
I         10       153
I          6       154
I          2       155
I          1       156
I          6       157
I          2       158
I          2       159
I          7       160
I         12       161
I          5       162
I         12       163
I          1       164
I          4       165
I          4       166
I          8       167
I         11       168
I          3       169
I          1       170
I          4       171
I          8       172
I          5       173
I          9       174
I          2       175
I          9       176
I          2       177
I          7       178
I         10       179
I          5       180
I         11       181
I          2       182
I          4       183
I         10       184
I          3       185
I         11       186
I          2       187
I          5       188
I          1       189
I         10       190
I          7       191
I         10       192
I          1       193
I          9       194
I          5       195
I          8       196
I          3       197
I          5       198
I          2       199
I          2       200
I         10       201
I          4       202
I          7       203
I          5       204
I          7       205
I          3       206
I          1       207
I          3       208
I          9       209
I          4       210
I          4       211
I          6       212
I          9       213
I          5       214
I         10       215
I          6       216
I          7       217
I          2       218
I          1       219
I          5       220
I          9       221
I          5       222
I          5       223
I          6       224
I          5       225
I          9       226
I         11       227
I          6       228
I          1       229
I          4       230
I         11       231
I          4       232
I         10       233
I          9       234
I          2       235
I          4       236
I          7       237
I          8       238
I          8       239
I         10       240
I         10       241
I          9       242
I          1       243
I          9       244
I          5       245
I         11       246
I          2       247
I          8       248
I         11       249
I          8       250
I          2       251
I          1       252
I         10       253
I         10       254
I          6       255
I          1       256
I         11       257
I          1       258
I          5       259
I          4       260
I          1       261
I          9       262
I         10       263
I          4       264
I          6       265
I          1       266
I          9       267
I          6       268
I          8       269
I         11       270
I          8       271
I          2       272
I          8       273
I          6       274
I          9       275
I          5       276
I          4       277
I          5       278
I          9       279
I          1       280
I          4       281
I          9       282
I          7       283
I          7       284
I          8       285
I          4       286
I          8       287
I          7       288
I          5       289
I          4       290
I         10       291
I          4       292
I          1       293
I         10       294
I          3       295
I         11       296
I          5       297
I          1       298
I          1       299
I          5       300
I          4       301
I          2       302
I          2       303
I          1       304
I          2       305
I         12       306
I          5       307
I          9       308
I          6       309
I          6       310
I          7       311
I          5       312
I         12       313
I          1       314
I         11       315
I          7       316
I          2       317
I         11       318
I          5       319
I          6       320
I          6       321
I         10       322
I          4       323
I         11       324
I          2       325
I          5       326
I          5       327
I          8       328
I         12       329
I         11       330
I          9       331
I          8       332
I          1       333
I          1       334
I          2       335
I          5       336
I         11       337
I          4       338
I          1       339
I          9       340
I          9       341
I         12       342
I          2       343
I          1       344
I          2       345
I          4       346
I         12       347
I         12       348
I         10       349
I         10       350
I          1       351
I         12       352
I          2       353
I          4       354
I          2       355
I          8       356
I          3       357
I          5       358
I          5       359
I          9       360
I          3       361
I         12       362
I         11       363
I          6       364
I          2       365
I         12       366
I          4       367
I          3       368
I          7       369
I          2       370
I         12       371
I         10       372
I         11       373
I          3       374
I         11       375
I         12       376
I          5       377
I          8       378
I         10       379
I          2       380
I          3       381
I          8       382
I          6       383
I         10       384
I         10       385
I          1       386
I          3       387
I          5       388
I          9       389
I          5       390
I         10       391
I          3       392
I          7       393
I         12       394
I          5       395
I          3       396
I          2       397
I          4       398
I          7       399
I          1       400
I          6       401
I         11       402
I          8       403
I          7       404
I         11       405
I         10       406
I          7       407
I          9       408
I          8       409
I          1       410
I         12       411
I          1       412
I          3       413
I          4       414
I         12       415
I          8       416
I          3       417
I          3       418
I          7       419
I          2       420
I          8       421
I         10       422
I         10       423
I          3       424
I          5       425
I          8       426
I          1       427
I         12       428
I         11       429
I          1       430
I          2       431
I         10       432
I         11       433
I          2       434
I          7       435
I          7       436
I          2       437
I          1       438
I          8       439
I          5       440
I          2       441
I          4       442
I          3       443
I          2       444
I          7       445
I          2       446
I          9       447
I         10       448
I         10       449
I          1       450
I          5       451
I         12       452
I          6       453
I          4       454
I          8       455
I          1       456
I          4       457
I         11       458
I          1       459
I          1       460
I         12       461
I          6       462
I         10       463
I          8       464
I          6       465
I          3       466
I         12       467
I         12       468
I         10       469
I         11       470
I          5       471
I          8       472
I         12       473
I          3       474
I          4       475
I          9       476
I          7       477
I          5       478
I          9       479
I         10       480
I         12       481
I          9       482
I         11       483
I          2       484
I          9       485
I          8       486
I         11       487
I          8       488
I          9       489
I         12       490
I          5       491
I          5       492
I          3       493
I          5       494
I          8       495
I          7       496
I          5       497
I          2       498
I          9       499
I          4       500
I          6       501
I         10       502
I          9       503
I          9       504
I          9       505
I          4       506
I         10       507
I         10       508
I          1       509
I         12       510
I          5       511
I          9       512
I          6       513
I          2       514
I          8       515
I          3       516
I          6       517
I          3       518
I         12       519
I          1       520
I         12       521
I         11       522
I          8       523
I          2       524
I          9       525
I          8       526
I          3       527
I          2       528
I          1       529
I          4       530
I          3       531
I          5       532
I          2       533
I          3       534
I          2       535
I          7       536
I          2       537
I          5       538
I          1       539
I         10       540
I          5       541
I          2       542
I          3       543
I          9       544
I         11       545
I          9       546
I          5       547
I         11       548
I         10       549
I          3       550
I         10       551
I          2       552
I          2       553
I          7       554
I          9       555
I         11       556
I          5       557
I          2       558
I          6       559
I         11       560
I         10       561
I         10       562
I          8       563
I         10       564
I         11       565
I         12       566
I          7       567
I         10       568
I         12       569
I         12       570
I          8       571
I          4       572
I          8       573
I          1       574
I         10       575
I          8       576
I         10       577
I          6       578
I         11       579
I          6       580
I          3       581
I          5       582
I          1       583
I          7       584
I         12       585
I          4       586
I          6       587
I          2       588
I          3       589
I          8       590
I          5       591
I          5       592
I          5       593
I          1       594
I          9       595
I          4       596
I          9       597
I          3       598
I          8       599
I         11       600
I          5       601
I          5       602
I          8       603
I          2       604
I          1       605
I         10       606
I          3       607
I         10       608
I         11       609
I          7       610
I          5       611
I          6       612
I         11       613
I          2       614
I          1       615
I          7       616
I          5       617
I          9       618
I          7       619
I          8       620
I          6       621
I         12       622
I          1       623
I          8       624
I          1       625
I         10       626
I         10       627
I          4       628
I         10       629
I          8       630
I          9       631
I          5       632
I          2       633
I          4       634
I          5       635
I         10       636
I          2       637
I          1       638
I          5       639
I          3       640
I         12       641
I          6       642
I          8       643
I          1       644
I          7       645
I          8       646
I          9       647
I          5       648
I          2       649
I          2       650
I         11       651
I          9       652
I         10       653
I          7       654
I          8       655
I         11       656
I          1       657
I         10       658
I         11       659
I          2       660
I         11       661
I          3       662
I          2       663
I          4       664
I         12       665
I         10       666
I          1       667
I          3       668
I          2       669
I          5       670
I          3       671
I          8       672
I          6       673
I          2       674
I         11       675
I          1       676
I          9       677
I          5       678
I         12       679
I          8       680
I          4       681
I         10       682
I         12       683
I          1       684
I          3       685
I          4       686
I         11       687
I          9       688
I          1       689
I          5       690
I          2       691
I          2       692
I          6       693
I          9       694
I         10       695
I          5       696
I          3       697
I          2       698
I          4       699
I          8       700
I         11       701
I          6       702
I          6       703
I          9       704
I          7       705
I          1       706
I          6       707
I         10       708
I          6       709
I          1       710
I         12       711
I          5       712
I          2       713
I         10       714
I         12       715
I          1       716
I          6       717
I          8       718
I         10       719
I          6       720
I          2       721
I          9       722
I          4       723
I          3       724
I          2       725
I          8       726
I          3       727
I          6       728
I          3       729
I         12       730
I          4       731
I          5       732
I          5       733
I          9       734
I         12       735
I          8       736
I          8       737
I          7       738
I          4       739
I          9       740
I         12       741
I          7       742
I          5       743
I          6       744
I         12       745
I          3       746
I          7       747
I          1       748
I          1       749
I          9       750
I          5       751
I         11       752
I         11       753
I          1       754
I          6       755
I          9       756
I          1       757
I          8       758
I          9       759
I         12       760
I          2       761
I          4       762
I         11       763
I          6       764
I          9       765
I          1       766
I          8       767
I          2       768
I          9       769
I          9       770
I          5       771
I         11       772
I         10       773
I         12       774
I         11       775
I          5       776
I         12       777
I          1       778
I          1       779
I          2       780
I         10       781
I          4       782
I          9       783
I         10       784
I          2       785
I          6       786
I          9       787
I          3       788
I          7       789
I         10       790
I         12       791
I          5       792
I          5       793
I          9       794
I          3       795
I          2       796
I          5       797
I         10       798
I          2       799
I          1       800
I          3       801
I          2       802
I          2       803
I          6       804
I          6       805
I          4       806
I          6       807
I          4       808
I          5       809
I          8       810
I          7       811
I          6       812
I          3       813
I          8       814
I         12       815
I          2       816
I         12       817
I          5       818
I          7       819
I          6       820
I          7       821
I         11       822
I          7       823
I          8       824
I         12       825
I         12       826
I          5       827
I          4       828
I          6       829
I         11       830
I          2       831
I          3       832
I          3       833
I          9       834
I          3       835
I          6       836
I          9       837
I         10       838
I          3       839
I          9       840
I          6       841
I          1       842
I          4       843
I          9       844
I          3       845
I          7       846
I         11       847
I          7       848
I          2       849
I          9       850
I         10       851
I          5       852
I         10       853
I          4       854
I          5       855
I         10       856
I          4       857
I          4       858
I         11       859
I         12       860
I          7       861
I         10       862
I         10       863
I          4       864
I          9       865
I         10       866
I          6       867
I          6       868
I          2       869
I          2       870
I          7       871
I          7       872
I          9       873
I         11       874
I         12       875
I          7       876
I          9       877
I         12       878
I          7       879
I          4       880
I         10       881
I          4       882
I          8       883
I          4       884
I          3       885
I         10       886
I          2       887
I         11       888
I          1       889
I          9       890
I         10       891
I          7       892
I          1       893
I          2       894
I          3       895
I          4       896
I          9       897
I         12       898
I          9       899
I          4       900
I          8       901
I         10       902
I          6       903
I          6       904
I          6       905
I          2       906
I          2       907
I         10       908
I          8       909
I          4       910
I          5       911
I          6       912
I          2       913
I         11       914
I          7       915
I          2       916
I          3       917
I         11       918
I          9       919
I          7       920
I          2       921
I          3       922
I          7       923
I          3       924
I         11       925
I          2       926
I          4       927
I          9       928
I          4       929
I          1       930
I         12       931
I          6       932
I          7       933
I          4       934
I         11       935
I         10       936
I          7       937
I          9       938
I         12       939
I          5       940
I          7       941
I          3       942
I          3       943
I          7       944
I          1       945
I         11       946
I          6       947
I          6       948
I         12       949
I          5       950
I          6       951
I          8       952
I          1       953
I          2       954
I          3       955
I          5       956
I          8       957
I          6       958
I          9       959
I          1       960
I         12       961
I          5       962
I          7       963
I          8       964
I          7       965
I          9       966
I          5       967
I          9       968
I          4       969
I          3       970
I         10       971
I          2       972
I          2       973
I          9       974
I          2       975
I          7       976
I          2       977
I          4       978
I          9       979
I         12       980
I          2       981
I          6       982
I          7       983
I         10       984
I          8       985
I         10       986
I         11       987
I          3       988
I          6       989
I          3       990
I          2       991
I         11       992
I         11       993
I          6       994
I          7       995
I          2       996
I          9       997
I          7       998
I          2       999
I          7      1000
I          2      1001
I          7      1002
I         11      1003
I         11      1004
I          7      1005
I         12      1006
I          5      1007
I          5      1008
I          3      1009
I          3      1010
I         11      1011
I          5      1012
I          5      1013
I          2      1014
I          6      1015
I          3      1016
I         10      1017
I          4      1018
I         10      1019
I          3      1020
I         10      1021
I          2      1022
I         12      1023
E
E
E
E
E
E
E
E
E
E
E
E
E
E
E
E
E
E
E
E
E
E
E
E
E
E
E
E
E
E
E
E
E
E
E
E
E
E
E
E
E
E
E
E
E
E
E
E
E
E
E
E
E
E
E
E
E
E
E
E
E
E
E
E
E
E
E
E
E
E
E
E
E
E
E
E
E
E
E
E
E
E
E
E
E
E
E
E
E
E
E
E
E
E
E
E
E
E
E
E
E
E
E
E
E
E
E
E
E
E
E
E
E
E
E
E
E
E
E
E
E
E
E
E
E
E
E
E
E
E
E
E
E
E
E
E
E
E
E
E
E
E
E
E
E
E
E
E
E
E
E
E
E
E
E
E
E
E
E
E
E
E
E
E
E
E
E
E
E
E
E
E
E
E
E
E
E
E
E
E
E
E
E
E
E
E
E
E
E
E
E
E
E
E
E
E
E
E
E
E
E
E
E
E
E
E
E
E
E
E
E
E
E
E
E
E
E
E
E
E
E
E
E
E
E
E
E
E
E
E
E
E
E
E
E
E
E
E
E
E
E
E
E
E
E
E
E
E
E
E
E
E
E
E
E
E
E
E
E
E
E
E
E
E
E
E
E
E
E
E
E
E
E
E
E
E
E
E
E
E
E
E
E
E
E
E
E
E
E
E
E
E
E
E
E
E
E
E
E
E
E
E
E
E
E
E
E
E
E
E
E
E
E
E
E
E
E
E
E
E
E
E
E
E
E
E
E
E
E
E
E
E
E
E
E
E
E
E
E
E
E
E
E
E
E
E
E
E
E
E
E
E
E
E
E
E
E
E
E
E
E
E
E
E
E
E
E
E
E
E
E
E
E
E
E
E
E
E
E
E
E
E
E
E
E
E
E
E
E
E
E
E
E
E
E
E
E
E
E
E
E
E
E
E
E
E
E
E
E
E
E
E
E
E
E
E
E
E
E
E
E
E
E
E
E
E
E
E
E
E
E
E
E
E
E
E
E
E
E
E
E
E
E
E
E
E
E
E
E
E
E
E
E
E
E
E
E
E
E
E
E
E
E
E
E
E
E
E
E
E
E
E
E
E
E
E
E
E
E
E
E
E
E
E
E
E
E
E
E
E
E
E
E
E
E
E
E
E
E
E
E
E
E
E
E
E
E
E
E
E
E
E
E
E
E
E
E
E
E
E
E
E
E
E
E
E
E
E
E
E
E
E
E
E
E
E
E
E
E
E
E
E
E
E
E
E
E
E
E
E
E
E
E
E
E
E
E
E
E
E
E
E
E
E
E
E
E
E
E
E
E
E
E
E
E
E
E
E
E
E
E
E
E
E
E
E
E
E
E
E
E
E
E
E
E
E
E
E
E
E
E
E
E
E
E
E
E
E
E
E
E
E
E
E
E
E
E
E
E
E
E
E
E
E
E
E
E
E
E
E
E
E
E
E
E
E
E
E
E
E
E
E
E
E
E
E
E
E
E
E
E
E
E
E
E
E
E
E
E
E
E
E
E
E
E
E
E
E
E
E
E
E
E
E
E
E
E
E
E
E
E
E
E
E
E
E
E
E
E
E
E
E
E
E
E
E
E
E
E
E
E
E
E
E
E
E
E
E
E
E
E
E
E
E
E
E
E
E
E
E
E
E
E
E
E
E
E
E
E
E
E
E
E
E
E
E
E
E
E
E
E
E
E
E
E
E
E
E
E
E
E
E
E
E
E
E
E
E
E
E
E
E
E
E
E
E
E
E
E
E
E
E
E
E
E
E
E
E
E
E
E
E
E
E
E
E
E
E
E
E
E
E
E
E
E
E
E
E
E
E
E
E
E
E
E
E
E
E
E
E
E
E
E
E
E
E
E
E
E
E
E
E
E
E
E
E
E
E
E
E
E
E
E
E
E
E
E
E
E
E
E
E
E
E
E
E
E
E
E
E
E
E
E
E
E
E
E
E
E
E
E
E
E
E
E
E
E
E
E
E
E
E
E
E
E
E
E
E
E
E
E
E
E
E
E
E
E
E
E
E
E
E
E
E
E
E
E
E
E
E
E
E
E
E
E
E
E
E
E
E
E
E
E
E
E
E
E
E
E
E
E
E
E
E
E
E
E
E
E
E
E
E
E
E
E
E
E
E
E
E
E
E
E
E
E
E
E
E
E
E
E
E
E
E
E
E
E
E
E
E
E
E
E
E
E
E
E
E
E
E
E
E
E
E
E
E
E
E
E
E
E
E
E
E
E
E
E
E
E
E
E
E
E
E
E
E
E
E
E
E
E
E
E
E
E
E
E
E
E
E
E
E
E
E
E
E
E
E
E
E
E
E
E
E
